This is pdfTeX, Version 3.141592653-2.6-1.40.22 (TeX Live 2022/dev/Debian) (preloaded format=pdflatex 2023.9.27)  11 OCT 2023 00:35
entering extended mode
 restricted \write18 enabled.
 file:line:error style messages enabled.
 %&-line parsing enabled.
**/home/natalia/Documentos/Tesis_Doctorado/Latex/Opazo_et_al2023/journaltemplate.tex
(/home/natalia/Documentos/Tesis_Doctorado/Latex/Opazo_et_al2023/journaltemplate.tex
LaTeX2e <2021-11-15> patch level 1
L3 programming layer <2022-01-21> (./agujournal2019.cls
Document Class: agujournal2019 01/14/2019
(/usr/share/texlive/texmf-dist/tex/latex/graphics/graphicx.sty
Package: graphicx 2021/09/16 v1.2d Enhanced LaTeX Graphics (DPC,SPQR)
 (/usr/share/texlive/texmf-dist/tex/latex/graphics/keyval.sty
Package: keyval 2014/10/28 v1.15 key=value parser (DPC)
\KV@toks@=\toks16
) (/usr/share/texlive/texmf-dist/tex/latex/graphics/graphics.sty
Package: graphics 2021/03/04 v1.4d Standard LaTeX Graphics (DPC,SPQR)
 (/usr/share/texlive/texmf-dist/tex/latex/graphics/trig.sty
Package: trig 2021/08/11 v1.11 sin cos tan (DPC)
) (/usr/share/texlive/texmf-dist/tex/latex/graphics-cfg/graphics.cfg
File: graphics.cfg 2016/06/04 v1.11 sample graphics configuration
)
Package graphics Info: Driver file: pdftex.def on input line 107.
 (/usr/share/texlive/texmf-dist/tex/latex/graphics-def/pdftex.def
File: pdftex.def 2020/10/05 v1.2a Graphics/color driver for pdftex
))
\Gin@req@height=\dimen138
\Gin@req@width=\dimen139
) (/usr/share/texlive/texmf-dist/tex/latex/xcolor/xcolor.sty
Package: xcolor 2021/10/31 v2.13 LaTeX color extensions (UK)
 (/usr/share/texlive/texmf-dist/tex/latex/graphics-cfg/color.cfg
File: color.cfg 2016/01/02 v1.6 sample color configuration
)
Package xcolor Info: Driver file: pdftex.def on input line 227.
Package xcolor Info: Model `cmy' substituted by `cmy0' on input line 1352.
Package xcolor Info: Model `hsb' substituted by `rgb' on input line 1356.
Package xcolor Info: Model `RGB' extended on input line 1368.
Package xcolor Info: Model `HTML' substituted by `rgb' on input line 1370.
Package xcolor Info: Model `Hsb' substituted by `hsb' on input line 1371.
Package xcolor Info: Model `tHsb' substituted by `hsb' on input line 1372.
Package xcolor Info: Model `HSB' substituted by `hsb' on input line 1373.
Package xcolor Info: Model `Gray' substituted by `gray' on input line 1374.
Package xcolor Info: Model `wave' substituted by `hsb' on input line 1375.
) (/usr/share/texlive/texmf-dist/tex/latex/url/url.sty
\Urlmuskip=\muskip16
Package: url 2013/09/16  ver 3.4  Verb mode for urls, etc.
) (/usr/share/texlive/texmf-dist/tex/latex/lineno/lineno.sty
Package: lineno 2005/11/02 line numbers on paragraphs v4.41
\linenopenalty=\count185
\output=\toks17
\linenoprevgraf=\count186
\linenumbersep=\dimen140
\linenumberwidth=\dimen141
\c@linenumber=\count187
\c@pagewiselinenumber=\count188
\c@LN@truepage=\count189
\c@internallinenumber=\count190
\c@internallinenumbers=\count191
\quotelinenumbersep=\dimen142
\bframerule=\dimen143
\bframesep=\dimen144
\bframebox=\box50
LaTeX Info: Redefining \\ on input line 3056.
) (/usr/share/texlive/texmf-dist/tex/latex/tools/indentfirst.sty
Package: indentfirst 1995/11/23 v1.03 Indent first paragraph (DPC)
) (/usr/share/texlive/texmf-dist/tex/latex/ragged2e/ragged2e.sty
Package: ragged2e 2021/12/15 v3.1 ragged2e Package
\CenteringLeftskip=\skip47
\RaggedLeftLeftskip=\skip48
\RaggedRightLeftskip=\skip49
\CenteringRightskip=\skip50
\RaggedLeftRightskip=\skip51
\RaggedRightRightskip=\skip52
\CenteringParfillskip=\skip53
\RaggedLeftParfillskip=\skip54
\RaggedRightParfillskip=\skip55
\JustifyingParfillskip=\skip56
\CenteringParindent=\skip57
\RaggedLeftParindent=\skip58
\RaggedRightParindent=\skip59
\JustifyingParindent=\skip60
) (/usr/share/texlive/texmf-dist/tex/latex/graphics/rotating.sty
Package: rotating 2016/08/11 v2.16d rotated objects in LaTeX
 (/usr/share/texlive/texmf-dist/tex/latex/base/ifthen.sty
Package: ifthen 2020/11/24 v1.1c Standard LaTeX ifthen package (DPC)
)
\c@r@tfl@t=\count192
\rotFPtop=\skip61
\rotFPbot=\skip62
\rot@float@box=\box51
\rot@mess@toks=\toks18
)
\draftskip=\count193
\c@section=\count194
\c@subsection=\count195
\c@subsubsection=\count196
\c@paragraph=\count197
\c@subparagraph=\count198
\c@figure=\count199
\c@table=\count266
\abovecaptionskip=\skip63
\belowcaptionskip=\skip64
\c@appendnum=\count267
\bibindent=\dimen145
 (/usr/share/texlive/texmf-dist/tex/latex/apacite/apacite.sty
Package: apacite 2013/07/21 v6.03 APA citation
\c@BibCnt=\count268
\bibleftmargin=\skip65
\bibindent=\skip66
\bibparsep=\skip67
\bibitemsep=\skip68
\biblabelsep=\skip69
)) (/usr/share/texlive/texmf-dist/tex/latex/multirow/multirow.sty
Package: multirow 2021/03/15 v2.8 Span multiple rows of a table
\multirow@colwidth=\skip70
\multirow@cntb=\count269
\multirow@dima=\skip71
\bigstrutjot=\dimen146
) (./trackchanges.sty
Package: trackchanges 2009/04/22 v0.7.0 TrackChanges file 
 (/usr/share/texlive/texmf-dist/tex/latex/tools/calc.sty
Package: calc 2017/05/25 v4.3 Infix arithmetic (KKT,FJ)
\calc@Acount=\count270
\calc@Bcount=\count271
\calc@Adimen=\dimen147
\calc@Bdimen=\dimen148
\calc@Askip=\skip72
\calc@Bskip=\skip73
LaTeX Info: Redefining \setlength on input line 80.
LaTeX Info: Redefining \addtolength on input line 81.
\calc@Ccount=\count272
\calc@Cskip=\skip74
) (/usr/share/texlive/texmf-dist/tex/generic/soul/soul.sty
Package: soul 2003/11/17 v2.4 letterspacing/underlining (mf)
\SOUL@word=\toks19
\SOUL@lasttoken=\toks20
\SOUL@cmds=\toks21
\SOUL@buffer=\toks22
\SOUL@token=\toks23
\SOUL@spaceskip=\skip75
\SOUL@ttwidth=\dimen149
\SOUL@uldp=\dimen150
\SOUL@ulht=\dimen151
) (/usr/share/texlive/texmf-dist/tex/latex/morefloats/morefloats.sty
Package: morefloats 2015/07/22 v1.0h Raise limit of unprocessed floats (HMM)
 (/usr/share/texlive/texmf-dist/tex/latex/kvoptions/kvoptions.sty
Package: kvoptions 2020-10-07 v3.14 Key value format for package options (HO)
 (/usr/share/texlive/texmf-dist/tex/generic/ltxcmds/ltxcmds.sty
Package: ltxcmds 2020-05-10 v1.25 LaTeX kernel commands for general use (HO)
) (/usr/share/texlive/texmf-dist/tex/generic/kvsetkeys/kvsetkeys.sty
Package: kvsetkeys 2019/12/15 v1.18 Key value parser (HO)
))
Package morefloats Info: Maximum number of possible floats asked for: 36
(morefloats)             (i.e. 18 more floats).
(morefloats)             LaTeX might run out of memory before this
(morefloats)             (in which case it will notify you).
)
\c@userid=\count273
\c@changenumber=\count274
\c@storefootnote=\count275
\c@numeditors=\count276
\c@maxeditors=\count277
) (/usr/share/texlive/texmf-dist/tex/latex/l3backend/l3backend-pdftex.def
File: l3backend-pdftex.def 2022-01-12 L3 backend support: PDF output (pdfTeX)
\l__color_backend_stack_int=\count278
\l__pdf_internal_box=\box52
) (./journaltemplate.aux)
\openout1 = `journaltemplate.aux'.

LaTeX Font Info:    Checking defaults for OML/cmm/m/it on input line 33.
LaTeX Font Info:    ... okay on input line 33.
LaTeX Font Info:    Checking defaults for OMS/cmsy/m/n on input line 33.
LaTeX Font Info:    ... okay on input line 33.
LaTeX Font Info:    Checking defaults for OT1/cmr/m/n on input line 33.
LaTeX Font Info:    ... okay on input line 33.
LaTeX Font Info:    Checking defaults for T1/cmr/m/n on input line 33.
LaTeX Font Info:    ... okay on input line 33.
LaTeX Font Info:    Checking defaults for TS1/cmr/m/n on input line 33.
LaTeX Font Info:    ... okay on input line 33.
LaTeX Font Info:    Checking defaults for OMX/cmex/m/n on input line 33.
LaTeX Font Info:    ... okay on input line 33.
LaTeX Font Info:    Checking defaults for U/cmr/m/n on input line 33.
LaTeX Font Info:    ... okay on input line 33.
 (/usr/share/texlive/texmf-dist/tex/context/base/mkii/supp-pdf.mkii
[Loading MPS to PDF converter (version 2006.09.02).]
\scratchcounter=\count279
\scratchdimen=\dimen152
\scratchbox=\box53
\nofMPsegments=\count280
\nofMParguments=\count281
\everyMPshowfont=\toks24
\MPscratchCnt=\count282
\MPscratchDim=\dimen153
\MPnumerator=\count283
\makeMPintoPDFobject=\count284
\everyMPtoPDFconversion=\toks25
) (/usr/share/texlive/texmf-dist/tex/latex/epstopdf-pkg/epstopdf-base.sty
Package: epstopdf-base 2020-01-24 v2.11 Base part for package epstopdf
 (/usr/share/texlive/texmf-dist/tex/generic/infwarerr/infwarerr.sty
Package: infwarerr 2019/12/03 v1.5 Providing info/warning/error messages (HO)
) (/usr/share/texlive/texmf-dist/tex/latex/grfext/grfext.sty
Package: grfext 2019/12/03 v1.3 Manage graphics extensions (HO)
 (/usr/share/texlive/texmf-dist/tex/generic/kvdefinekeys/kvdefinekeys.sty
Package: kvdefinekeys 2019-12-19 v1.6 Define keys (HO)
)) (/usr/share/texlive/texmf-dist/tex/generic/pdftexcmds/pdftexcmds.sty
Package: pdftexcmds 2020-06-27 v0.33 Utility functions of pdfTeX for LuaTeX (HO)
 (/usr/share/texlive/texmf-dist/tex/generic/iftex/iftex.sty
Package: iftex 2020/03/06 v1.0d TeX engine tests
)
Package pdftexcmds Info: \pdf@primitive is available.
Package pdftexcmds Info: \pdf@ifprimitive is available.
Package pdftexcmds Info: \pdfdraftmode found.
)
Package epstopdf-base Info: Redefining graphics rule for `.eps' on input line 485.
Package grfext Info: Graphics extension search list:
(grfext)             [.pdf,.png,.jpg,.mps,.jpeg,.jbig2,.jb2,.PDF,.PNG,.JPG,.JPEG,.JBIG2,.JB2,.eps]
(grfext)             \AppendGraphicsExtensions on input line 504.
 (/usr/share/texlive/texmf-dist/tex/latex/latexconfig/epstopdf-sys.cfg
File: epstopdf-sys.cfg 2010/07/13 v1.3 Configuration of (r)epstopdf for TeX Live
))
\c@maskedRefs=\count285
 (/usr/share/texlive/texmf-dist/tex/latex/apacite/english.apc
File: english.apc 2013/07/21 v6.03 apacite language file
LaTeX Info: Redefining \BPBI on input line 129.
LaTeX Info: Redefining \BHBI on input line 130.
)
LaTeX Font Info:    External font `cmex10' loaded for size
(Font)              <7> on input line 43.
LaTeX Font Info:    External font `cmex10' loaded for size
(Font)              <5> on input line 43.
LaTeX Font Info:    External font `cmex10' loaded for size
(Font)              <8> on input line 46.
LaTeX Font Info:    External font `cmex10' loaded for size
(Font)              <6> on input line 46.

Overfull \hbox (3.95999pt too wide) in paragraph at lines 55--56
[]\OT1/cmr/m/n/10 Each must be 140 char-ac-ters or fewer with no spe-cial char-ac-ters or punc-tu-a-tion 
 []

[1{/var/lib/texmf/fonts/map/pdftex/updmap/pdftex.map}]

LaTeX Font Warning: Font shape `OT1/cmr/m/n' in size <10.5> not available
(Font)              size <10.95> substituted on input line 68.


LaTeX Font Warning: Font shape `OT1/cmr/bx/n' in size <10.5> not available
(Font)              size <10.95> substituted on input line 68.

(./Section/Introduction.tex
Overfull \hbox (16.15453pt too wide) in paragraph at lines 3--4
[]\OT1/cmr/m/n/10 Iron (Fe) stands as the fourth most abun-dant el-e-ment in the Earth's crust. De-spite 
 []


Overfull \hbox (1.82123pt too wide) in paragraph at lines 3--4
\OT1/cmr/m/n/10 its abun-dance, the con-cen-tra-tions of iron at the oceanic sur-face re-main rel-a-tively low, 
 []


Overfull \hbox (22.8214pt too wide) in paragraph at lines 3--4
\OT1/cmr/m/n/10 rang-ing from 0.1 to 2 nM (nanomo-lar) []Nakabayashi et al.[], 2002; Tani et al.[], 2003). These 
 []


Overfull \hbox (5.40454pt too wide) in paragraph at lines 3--4
\OT1/cmr/m/n/10 con-cen-tra-tions have a re-mark-able im-pact on the del-i-cate bal-ance of the ma-rine ecosys- 
 []


Overfull \hbox (28.34917pt too wide) in paragraph at lines 3--4
\OT1/cmr/m/n/10 tem. Phy-to-plank-ton pro-duc-tion, a cor-ner-stone of oceanic food webs and a sig-nif-i-cant driver 
 []


Overfull \hbox (5.51573pt too wide) in paragraph at lines 3--4
\OT1/cmr/m/n/10 of global car-bon cy-cling, can be sig-nif-i-cantly con-strained due to Fe's cru-cial en-zy-matic 
 []


Overfull \hbox (9.94629pt too wide) in paragraph at lines 3--4
\OT1/cmr/m/n/10 role []Martin, 1990; T. Jick-ells et al.[], 2005; Mart^^S^^Pnez-Garc^^S^^Pa et al.[], 2014). No-tably in-flu- 
 []


Overfull \hbox (12.21019pt too wide) in paragraph at lines 3--4
\OT1/cmr/m/n/10 enc-ing pro-cesses like pho-to-syn-the-sis, res-pi-ra-tion, and ni-tro-gen fix-a-tion []Falkowski et al.[], 
 []


Overfull \hbox (0.34904pt too wide) in paragraph at lines 3--4
\OT1/cmr/m/n/10 1998; Morel & Price, 2003; Kustka et al.[], 2003), Fe be-comes a lim-it-ing fac-tor that re- 
 []


Overfull \hbox (18.62682pt too wide) in paragraph at lines 3--4
\OT1/cmr/m/n/10 ver-ber-ates through the ma-rine food chain. This in-flu-ence as-sumes height-ened sig-nif-i-cance 
 []


Overfull \hbox (14.51564pt too wide) in paragraph at lines 3--4
\OT1/cmr/m/n/10 in spe-cific re-gions, such as the South-ern Oceans, the Pa-cific and North At-lantic, and the 
 []


Overfull \hbox (5.76569pt too wide) in paragraph at lines 3--4
\OT1/cmr/m/n/10 East-ern Equa-to-rial Pa-cific, col-lec-tively known as high-nutrient low-chlorophyll con-cen- 
 []


Overfull \hbox (17.87674pt too wide) in paragraph at lines 5--6
[]\OT1/cmr/m/n/10 Several path-ways con-tribute to de-liv-er-ing this es-sen-tial mi-cronu-tri-ent to the ocean's 
 []


Overfull \hbox (8.43231pt too wide) in paragraph at lines 5--6
\OT1/cmr/m/n/10 sur-face. Hy-drother-mal vents, rivers, glaciers, ice-bergs, con-ti-nen-tal edges, and up-welling 
 []


Overfull \hbox (2.62677pt too wide) in paragraph at lines 5--6
\OT1/cmr/m/n/10 mech-a-nisms all play roles in in-tro-duc-ing iron into oceanic ecosys-tems []Ducklow et al.[], 
 []


Overfull \hbox (11.76576pt too wide) in paragraph at lines 5--6
\OT1/cmr/m/n/10 2003; Tagli-abue et al.[], 2016). Nev-er-the-less, be-yond con-ti-nen-tal mar-gins, the im-por-tance 
 []


Overfull \hbox (5.48787pt too wide) in paragraph at lines 5--6
\OT1/cmr/m/n/10 of dust fluxes, sourced from arid and semi-arid desert re-gions, emerges as a fun-da-men- 
 []


Overfull \hbox (12.15463pt too wide) in paragraph at lines 5--6
\OT1/cmr/m/n/10 tal fac-tor []Tagliabue et al.[], 2017; Lam-bert et al.[], 2021). These dust fluxes, mo-bi-lized by 
 []


Overfull \hbox (9.87675pt too wide) in paragraph at lines 5--6
\OT1/cmr/m/n/10 wind forces and some-times trav-el-ing sub-stan-tial dis-tances, set-tle onto the ocean sur-face 
 []


Overfull \hbox (22.7102pt too wide) in paragraph at lines 5--6
\OT1/cmr/m/n/10 through dry or wet de-po-si-tion, thereby be-com-ing a vi-tal av-enue for Fe in-put. The propen- 
 []


Overfull \hbox (11.07117pt too wide) in paragraph at lines 5--6
\OT1/cmr/m/n/10 sity for dust gen-er-a-tion lies in re-gions char-ac-ter-ized by low veg-e-ta-tion cov-er-age and wa- 
 []


Overfull \hbox (6.599pt too wide) in paragraph at lines 5--6
\OT1/cmr/m/n/10 ter deficits []Prospero & Lamb, 2003; Pros-pero et al.[], 2002; T. Jick-ells et al.[], 2005; Ma- 
 []


Overfull \hbox (1.76563pt too wide) in paragraph at lines 7--8
[]\OT1/cmr/m/n/10 This re-la-tion-ship be-tween dust and car-bon bal-ances was first il-lu-mi-nated by the 
 []


Overfull \hbox (0.41847pt too wide) in paragraph at lines 7--8
\OT1/cmr/m/n/10 work of []Gran et al.[] (1931), fol-lowed by the re-search of []Martin (1990) in the South-ern 
 []


Overfull \hbox (12.82118pt too wide) in paragraph at lines 7--8
\OT1/cmr/m/n/10 Oceans. These stud-ies re-vealed the pro-nounced in-flu-ence of dust events on pri-mary pro- 
 []


Overfull \hbox (5.32124pt too wide) in paragraph at lines 7--8
\OT1/cmr/m/n/10 duc-tiv-ity. Since then, sev-eral works []Kohfeld et al.[], 2005; Jac-card et al.[], 2013; Pe-tit et 
 []


Overfull \hbox (7.9602pt too wide) in paragraph at lines 7--8
\OT1/cmr/m/n/10 al.[], 1990; Stef-fensen, 1997; Lam-bert et al.[], 2008; Archer et al.[], 2000) pos-tu-late that the 
 []


Overfull \hbox (0.7102pt too wide) in paragraph at lines 7--8
\OT1/cmr/m/n/10 ef-fi-ciency of the soft tis-sue bi-o-log-i-cal pump dur-ing glacial pe-ri-ods could be at-tributed 
 []


Overfull \hbox (7.59914pt too wide) in paragraph at lines 7--8
\OT1/cmr/m/n/10 to the in-creased avail-abil-ity of ae-o-lian iron, thus link-ing iron avail-abil-ity to CO2 lev-els. 
 []


Overfull \hbox (14.34897pt too wide) in paragraph at lines 7--8
\OT1/cmr/m/n/10 This mech-a-nism, op-er-at-ing as a re-cur-rent Earth sys-tem feed-back, is be-lieved to have ex- 
 []


Overfull \hbox (14.65454pt too wide) in paragraph at lines 7--8
\OT1/cmr/m/n/10 erted pe-ri-odic in-flu-ences on the car-bon cy-cle over the past 800,000 years. This could po- 
 []


Overfull \hbox (3.37688pt too wide) in paragraph at lines 7--8
\OT1/cmr/m/n/10 ten-tially ex-plain up to one-third of the ob-served nat-u-ral vari-abil-ity in CO2 con-cen-tra- 
 []


Overfull \hbox (11.96028pt too wide) in paragraph at lines 7--8
\OT1/cmr/m/n/10 tions, rang-ing ap-prox-i-mately be-tween 180 ppmv and 280 ppmv dur-ing glacial and in-ter- 
 []


Overfull \hbox (26.43245pt too wide) in paragraph at lines 7--8
\OT1/cmr/m/n/10 glacial pe-ri-ods, re-spec-tively []Petit et al.[], 1990; Siegen-thaler et al.[], 2005; L^^?uthi et al.[], 2008).  
 []


Overfull \hbox (10.73792pt too wide) in paragraph at lines 9--10
[]\OT1/cmr/m/n/10 Approximately 3% of at-mo-spheric dust con-sists of Fe []Marcotte et al.[], 2020), con- 
 []


Overfull \hbox (19.26576pt too wide) in paragraph at lines 9--10
\OT1/cmr/m/n/10 tribut-ing around 14-16 Tg an-nu-ally in the form of mineral-sourced dust aerosols []T. Jick- 
 []


Overfull \hbox (17.66852pt too wide) in paragraph at lines 9--10
\OT1/cmr/m/n/10 ells et al.[], 2005; Gao et al.[], 2003). Re-gret-tably, only a frac-tion of this de-posited Fe, rang- 
 []


Overfull \hbox (4.65474pt too wide) in paragraph at lines 9--10
\OT1/cmr/m/n/10 ing from 1 to 10%, is avail-able to sup-port phy-to-plank-ton growth []Journet et al.[], 2008; 
 []


Overfull \hbox (3.82123pt too wide) in paragraph at lines 9--10
\OT1/cmr/m/n/10 T. D. Jick-ells & Spokes, 2001; Archer & John-son, 2000; Bopp et al.[], 2003). Fe can ex- 
 []


Overfull \hbox (11.82123pt too wide) in paragraph at lines 9--10
\OT1/cmr/m/n/10 ist in two ox-i-da-tion states { Fe(II) and Fe(III), as or-ganic fer-rous (Fe2+) or or-ganic fer- 
 []


Overfull \hbox (2.5157pt too wide) in paragraph at lines 9--10
\OT1/cmr/m/n/10 it is less preva-lent. The sol-u-bil-ity of Fe, typ-i-cally de-fined as the amount of metal that 
 []


Overfull \hbox (2.95877pt too wide) in paragraph at lines 9--10
\OT1/cmr/m/n/10 passes through a 0.2 or 0.4 \TS1/cmr/m/n/10 µ\OT1/cmr/m/n/10 m fil-ter, de-pends on fac-tors en-com-pass-ing de-posited dust 
 []


Overfull \hbox (37.12697pt too wide) in paragraph at lines 9--10
\OT1/cmr/m/n/10 min-er-al-ogy, acid-ity, wa-ter pH, and other en-vi-ron-men-tal vari-ables []Luo et al.[], 2005; Sholkovitz 
 []


Overfull \hbox (1.93233pt too wide) in paragraph at lines 9--10
\OT1/cmr/m/n/10 et al.[], 2012; Mar-cotte et al.[], 2020). While Fe(III) dom-i-nates due to pro-cesses like ox-i- 
 []


Overfull \hbox (2.34912pt too wide) in paragraph at lines 9--10
\OT1/cmr/m/n/10 da-tion, re-duc-tion, and pho-to-chem-i-cal in-ter-ac-tions, it ex-hibits lim-ited sol-u-bil-ity []Wells 
 []


Overfull \hbox (4.12675pt too wide) in paragraph at lines 9--10
\OT1/cmr/m/n/10 et al.[], 1995; Byrne et al.[], 2000). How-ever, it can even-tu-ally dis-solve by di-verse mech-a- 
 []


Overfull \hbox (9.46016pt too wide) in paragraph at lines 9--10
\OT1/cmr/m/n/10 nisms, such as proton-induced Fe-O bond break-age []Cwiertny et al.[], 2008), pho-to-chem- 
 []


Overfull \hbox (22.12689pt too wide) in paragraph at lines 9--10
\OT1/cmr/m/n/10 i-cal re-duc-tion []Fu et al.[], 2010), and or-ganic lig-and com-plex-a-tion, which is the most preva- 
 []


Overfull \hbox (11.29356pt too wide) in paragraph at lines 9--10
\OT1/cmr/m/n/10 lent. Or-ganic lig-ands, aris-ing bi-o-log-i-cally from wa-ter col-umn or-ganic mat-ter, play a sig- 
 []


Overfull \hbox (17.32133pt too wide) in paragraph at lines 9--10
\OT1/cmr/m/n/10 nif-i-cant role in in-creas-ing sol-u-ble Fe con-cen-tra-tions (Fe2+), fa-cil-i-tat-ing bi-o-log-i-cal up-take, 
 []


Overfull \hbox (2.0991pt too wide) in paragraph at lines 9--10
\OT1/cmr/m/n/10 and ex-tend-ing the res-i-dence time of bioavail-able Fe, thus mit-i-gat-ing pre-cip-i-ta-tion and 
 []


Underfull \vbox (badness 10000) has occurred while \output is active []

 [2]
Overfull \hbox (27.09906pt too wide) in paragraph at lines 11--12
[]\OT1/cmr/m/n/10 From the mid-1990s on-ward, ef-forts emerged to sim-u-late CO2 fluc-tu-a-tions on a global 
 []


Overfull \hbox (14.76572pt too wide) in paragraph at lines 11--12
\OT1/cmr/m/n/10 scale us-ing nu-mer-i-cal mod-els []Johnson et al.[], 1997). Di-verse mod-el-ing ap-proaches, span- 
 []


Overfull \hbox (3.01573pt too wide) in paragraph at lines 11--12
\OT1/cmr/m/n/10 ning from box mod-els to Gen-eral Cir-cu-la-tion Mod-els (GCMs), at-tempted to elu-ci-date 
 []


Overfull \hbox (9.29353pt too wide) in paragraph at lines 11--12
\OT1/cmr/m/n/10 the com-plex causes un-der-ly-ing CO2 vari-abil-ity be-tween glacial and in-ter-glacial pe-ri-ods. 
 []


Overfull \hbox (16.57126pt too wide) in paragraph at lines 11--12
\OT1/cmr/m/n/10 Yet, de-spite con-sid-er-able ad-vance-ment, the in-tri-ca-cies of this vari-abil-ity re-mained in-com- 
 []


Overfull \hbox (11.6268pt too wide) in paragraph at lines 11--12
\OT1/cmr/m/n/10 pletely un-der-stood. Con-se-quently, bio-geo-chem-i-cal pro-cesses, in-tri-cately in-ter-wo-ven with 
 []


Overfull \hbox (7.93242pt too wide) in paragraph at lines 11--12
\OT1/cmr/m/n/10 ocean-atmosphere dy-nam-ics, have been in-te-grated to of-fer ad-di-tional in-sights into CO2 
 []

)
Overfull \hbox (10.43234pt too wide) in paragraph at lines 13--71
[]\OT1/cmr/m/n/10 Our ob-jec-tive is to elu-ci-date the im-pact of iron sol-u-bil-ity in glacial-interglacial at- 
 []


Overfull \hbox (6.77957pt too wide) in paragraph at lines 13--71
\OT1/cmr/m/n/10 mo-spheric CO2 bal-ances over the past 800,000 years. Em-ploy-ing cGE-NIE, an in-ter-me- 
 []


Overfull \hbox (0.3768pt too wide) in paragraph at lines 13--71
\OT1/cmr/m/n/10 di-ate com-plex-ity model em-pha-siz-ing the car-bon cy-cle, we con-ducted sen-si-tiv-ity sim-u- 
 []


Overfull \hbox (3.82132pt too wide) in paragraph at lines 13--71
\OT1/cmr/m/n/10 la-tions for pre-industrial and Last Glacial Max-i-mum (LGM) pe-ri-ods. Lever-ag-ing a di- 
 []


Overfull \hbox (0.9324pt too wide) in paragraph at lines 13--71
\OT1/cmr/m/n/10 verse ar-ray of sim-u-la-tions, mod-els, em-pir-i-cal dust de-po-si-tion data, and het-ero-ge-neous 
 []


Overfull \hbox (1.57126pt too wide) in paragraph at lines 13--71
\OT1/cmr/m/n/10 Fe sol-u-bil-ity fields, our study hones in on re-gions highly sen-si-tive to iron bio-geo-chem- 
 []


Overfull \hbox (20.87682pt too wide) in paragraph at lines 13--71
\OT1/cmr/m/n/10 istry, par-tic-u-larly the HNLC zones. Through this in-te-grated ap-proach, we aim to en-hance 
 []


Overfull \hbox (4.93239pt too wide) in paragraph at lines 13--71
\OT1/cmr/m/n/10 our cur-rent un-der-stand-ing of this in-tri-cate in-ter-play be-tween iron sol-u-bil-ity and at-mo- 
 []

(./Section/Methods.tex
<../Paper_Draft/tikz/Fe.pdf, id=21, 540.22224pt x 352.95964pt>
File: ../Paper_Draft/tikz/Fe.pdf Graphic file (type pdf)
<use ../Paper_Draft/tikz/Fe.pdf>
Package pdftex.def Info: ../Paper_Draft/tikz/Fe.pdf  used on input line 4.
(pdftex.def)             Requested size: 432.17838pt x 282.36809pt.

Overfull \hbox (34.69339pt too wide) in paragraph at lines 4--5
[][] 
 []

LaTeX Font Info:    External font `cmex10' loaded for size
(Font)              <9> on input line 5.

Underfull \hbox (badness 10000) in paragraph at lines 5--5
[]\OT1/cmr/bx/n/9 Figure  1. \OT1/cmr/m/n/9 The iron (Fe) cy-cle in cGE-NIE. The only source of Fe to the ocean is dust. A frac-
 []


Underfull \hbox (badness 10000) in paragraph at lines 5--5
\OT1/cmr/m/n/9 tion of sup-plied Fe will be com-plexed with or-ganic lig-ands (Fe$[]$), kept in free state (Fe$[]$),
 []


Underfull \hbox (badness 10000) in paragraph at lines 5--5
\OT1/cmr/m/n/9 and scav-enged into par-tic-u-late or-ganic car-bon (POC, Par-tic-u-late Fe) to sink through the wa-
 []


Underfull \hbox (badness 10000) in paragraph at lines 5--5
\OT1/cmr/m/n/9 ter col-umn. The to-tal dis-solved Fe pool (TDFe) will be used by bi-ol-ogy to gen-er-ate par-tic-u-late
 []


Underfull \hbox (badness 10000) in paragraph at lines 5--5
\OT1/cmr/m/n/9 (POM) and dis-solved (DOM) or-ganic mat-ter. The rem-iner-al-iza-tion pro-cess will re-gen-er-ate nu-tri-
 []


LaTeX Warning: `!h' float specifier changed to `!ht'.


Overfull \hbox (2.87672pt too wide) in paragraph at lines 10--11
[]\OT1/cmr/m/n/10 We use a ver-sion of the Grid-ENabled In-te-grated Earth (GE-NIE) model fo-cused 
 []


Overfull \hbox (15.19627pt too wide) in paragraph at lines 10--11
\OT1/cmr/m/n/10 on the car-bon (C) cy-cle, cGE-NIE muf-fin v0.9, with three mod-ules: (1) the 3D frictional- 
 []


Overfull \hbox (5.34908pt too wide) in paragraph at lines 10--11
\OT1/cmr/m/n/10 geostrophic ocean mod-ule, with 16 depth lev-els and a 36x36 equal-area hor-i-zon-tal grid 
 []


Overfull \hbox (7.51497pt too wide) in paragraph at lines 10--11
\OT1/cmr/m/n/10 (con-stant 10\TS1/cmr/m/n/10 ° \OT1/cmr/m/n/10 in lon-gi-tude and uni-form in the sine of lat-i-tude), (2) ma-rine bio-geo-chem- 
 []


Overfull \hbox (15.77968pt too wide) in paragraph at lines 10--11
\OT1/cmr/m/n/10 istry mod-ule BIO-GEM []Ridgwell et al.[], 2007), and (3) an at-mo-spheric com-po-nent of the 
 []


Overfull \hbox (15.26572pt too wide) in paragraph at lines 10--11
\OT1/cmr/m/n/10 2D energy-moisture bal-ance model with pre-scribed cli-ma-to-log-i-cal wind fields []Cao et al.[], 
 []


Overfull \hbox (28.51582pt too wide) in paragraph at lines 10--11
\OT1/cmr/m/n/10 2009). The con-ti-nen-tal dis-tri-bu-tion and bathymetry are pub-lished in []Ridgwell et al.[] (2007).  
 []


Overfull \hbox (12.48788pt too wide) in paragraph at lines 12--13
[]\OT1/cmr/m/n/10 For this study, we fo-cused on the bi-o-log-i-cal pump of soft tis-sues. For this pur-pose, 
 []


Overfull \hbox (11.23788pt too wide) in paragraph at lines 12--13
\OT1/cmr/m/n/10 a co-limitation scheme of iron (Fe) and phos-pho-rus (P) to the C cy-cle was im-ple-mented 
 []


Overfull \hbox (9.15468pt too wide) in paragraph at lines 12--13
\OT1/cmr/m/n/10 fol-low-ing Tagli-abue et al. (2016). Ad-di-tion-ally, a sim-pli-fied scheme of or-ganic com-plex- 
 []


Overfull \hbox (1.04349pt too wide) in paragraph at lines 12--13
\OT1/cmr/m/n/10 ing, nu-tri-ent re-moval, and par-tic-u-late or-ganic C (POC) sink was im-ple-mented fol-low- 
 []


Overfull \hbox (5.96025pt too wide) in paragraph at lines 12--13
\OT1/cmr/m/n/10 ing the method-ol-ogy pro-posed by []Parekh et al.[] (2004, 2006). Ta-ble S1 in the Sup-port- 
 []


Overfull \hbox (5.3768pt too wide) in paragraph at lines 12--13
\OT1/cmr/m/n/10 ing In-for-ma-tion sum-ma-rizes the data sets and val-ues used. The cir-cu-la-tion model uses 
 []


Overfull \hbox (15.29353pt too wide) in paragraph at lines 12--13
\OT1/cmr/m/n/10 both pa-ram-e-ter-ized tem-per-a-ture (van de Velde et al., 2021), salin-ity and 33 bio-geo-chem- 
 []


Overfull \hbox (0.32108pt too wide) in paragraph at lines 12--13
\OT1/cmr/m/n/10 i-cal trac-ers to de-scribe the in-ter-ac-tions be-tween nu-tri-ents. In or-der to make a cor-rect 
 []


Overfull \hbox (13.62675pt too wide) in paragraph at lines 12--13
\OT1/cmr/m/n/10 C in-ven-tory, trac-ers and pre-formed nu-tri-ents were used fol-low-ing the base con-fig-u-ra-tion 
 []


Overfull \hbox (7.22398pt too wide) in paragraph at lines 14--15
[]\OT1/cmr/m/n/10 In BIO-GEM, C se-ques-tra-tion is con-trolled by bi-o-log-i-cal ex-port. The bio-genic up- 
 []


Overfull \hbox (1.09895pt too wide) in paragraph at lines 14--15
\OT1/cmr/m/n/10 take of dis-solved nu-tri-ents, trac-ers and in-or-ganic C oc-curs in the ocean eu-photic zone 
 []


Overfull \hbox (4.21014pt too wide) in paragraph at lines 14--15
\OT1/cmr/m/n/10 (up-per 81 m). Rem-iner-al-iza-tion by ocean bac-te-ria (at a 590-m depth) re-sults in dis-so- 
 []


Overfull \hbox (5.71017pt too wide) in paragraph at lines 14--15
\OT1/cmr/m/n/10 lu-tion (i.e., re-gen-er-a-tion) of in-or-ganic nu-tri-ents and C. Fi-nally, the ef-fi-ciency of the bi- 
 []


Overfull \hbox (23.29352pt too wide) in paragraph at lines 14--15
\OT1/cmr/m/n/10 o-log-i-cal pump (P*) is de-fined in terms of the ra-tio of the re-gen-er-ated (Preg) to to-tal (Pto- 
 []


Underfull \vbox (badness 1552) has occurred while \output is active []

 [3]
Overfull \hbox (7.84898pt too wide) in paragraph at lines 18--19
[]\OT1/cmr/m/n/10 Both P and Fe have low ocean con-cen-tra-tions in many ocean basins, and in or-der 
 []


Overfull \hbox (15.46017pt too wide) in paragraph at lines 18--19
\OT1/cmr/m/n/10 to re-pro-duce their lim-it-ing ef-fects on pri-mary pro-duc-tiv-ity we use a col-im-i-ta-tion scheme. 
 []


Overfull \hbox (9.52959pt too wide) in paragraph at lines 18--19
\OT1/cmr/m/n/10 The co-dependency be-tween the con-cen-tra-tion of dis-solved phos-phate ([PO$[]$]) and the 
 []


Overfull \hbox (9.30733pt too wide) in paragraph at lines 26--27
[]\OT1/cmr/m/n/10 In cGE-NIE, the sur-face ocean is highly oxy-genated and thus most of the Fe in-put 
 []


Overfull \hbox (2.77965pt too wide) in paragraph at lines 26--27
\OT1/cmr/m/n/10 is rapidly ox-i-dized to Fe$[]$ (Fig-ure 2). Iron dis-so-lu-tion is a de-ter-min-ing fac-tor in pho- 
 []


Overfull \hbox (3.04347pt too wide) in paragraph at lines 26--27
\OT1/cmr/m/n/10 to-syn-the-sis and it will de-pend on wa-ter tem-per-a-ture, salin-ity, and pH. To-tal dis-solved 
 []


Overfull \hbox (6.65565pt too wide) in paragraph at lines 26--27
\OT1/cmr/m/n/10 Fe (TDFe) will be com-posed of (1) free Fe (Fe$[]$) and (2) ligand-bound Fe (Fe$[]$). 
 []


Overfull \hbox (4.10498pt too wide) in paragraph at lines 26--27
\OT1/cmr/m/n/10 TDFe in the ocean is mostly present as ( 99%), while Fe$[]$ is the only species that is 
 []


Overfull \hbox (22.59898pt too wide) in paragraph at lines 26--27
\OT1/cmr/m/n/10 sus-cep-ti-ble to be scav-enged by POC and elim-i-nated from the sys-tem when TDFe is higher 
 []


Overfull \hbox (6.64278pt too wide) in paragraph at lines 26--27
\OT1/cmr/m/n/10 than the to-tal con-cen-tra-tion of lig-ands (L$[]$). In turn, L$[]$ con-sists of a free lig-and com- 
 []


Overfull \hbox (9.85019pt too wide) in paragraph at lines 26--27
\OT1/cmr/m/n/10 po-nent (L$[]$) and that as-so-ci-ated to Fe (Fe$[]$), and is in-vari-ant and uni-form in the 
 []

[4 <../Paper_Draft/tikz/Fe.pdf>]
Overfull \hbox (5.73788pt too wide) in paragraph at lines 28--29
[]\OT1/cmr/m/n/10 Finally, the Fe:C ra-tio is vari-able and pa-ram-e-ter-ized to de-pend on TDFe, so that 
 []


Overfull \hbox (7.3212pt too wide) in paragraph at lines 28--29
\OT1/cmr/m/n/10 Fe re-quire-ments at the cel-lu-lar level de-pend on Fe avail-abil-ity. Thus, un-der higher lim- 
 []


Overfull \hbox (4.82126pt too wide) in paragraph at lines 28--29
\OT1/cmr/m/n/10 i-ta-tion, less Fe will be re-quired and vice versa (a min-i-mum ra-tio of 250,000 is im-posed 
 []


Overfull \hbox (20.7379pt too wide) in paragraph at lines 38--39
[]\OT1/cmr/m/n/10 Six pairs of Holocene-Last Glacial Max-i-mum (LGM) dust de-po-si-tion rate fields were 
 []


Overfull \hbox (17.36282pt too wide) in paragraph at lines 38--39
\OT1/cmr/m/n/10 used as sources of sol-u-ble Fe to force cGE-NIE (for de-tails see []Lambert et al.[] (2021). One 
 []


Overfull \hbox (4.23795pt too wide) in paragraph at lines 38--39
\OT1/cmr/m/n/10 of these pairs (Lam-bert) is de-rived from paleo-dust ob-ser-va-tions com-piled by []Lambert 
 []


Overfull \hbox (11.09908pt too wide) in paragraph at lines 38--39
\OT1/cmr/m/n/10 et al.[] (2015), while the rest are de-rived from CMIP5 model sim-u-la-tions: Al-bani []Albani 
 []


Overfull \hbox (17.54356pt too wide) in paragraph at lines 38--39
\OT1/cmr/m/n/10 et al.[], 2014), Take-mura []Takemura et al.[], 2009), Ohgaito []Ohgaito et al.[], 2018), MIROC- 
 []


Overfull \hbox (15.1823pt too wide) in paragraph at lines 40--41
[]\OT1/cmr/m/n/10 Since the sol-u-bil-ity of iron in dust is not well known, a sen-si-tiv-ity anal-y-sis was car- 
 []


Overfull \hbox (17.7935pt too wide) in paragraph at lines 40--41
\OT1/cmr/m/n/10 ried out by cre-at-ing dif-fer-ent dust iron sol-u-bil-ity fields for each dust de-po-si-tion rate field. 
 []


Overfull \hbox (17.13762pt too wide) in paragraph at lines 40--41
\OT1/cmr/m/n/10 To achieve this, we start by de-riv-ing a field of frac-tional Fe sol-u-bil-ity ($^^G[]$, %) in dust 
 []


Overfull \hbox (2.23782pt too wide) in paragraph at lines 40--41
\OT1/cmr/m/n/10 based on each of the twelve dust de-po-si-tion rate fields de-scribed in the pre-vi-ous para- 
 []


Overfull \hbox (3.75914pt too wide) in paragraph at lines 48--49
[]\OT1/cmr/m/n/10 where $\OML/cmm/m/it/10 ^^M[]$ \OT1/cmr/m/n/10 is a scal-ing fac-tor and $\OML/cmm/m/it/10 C[]$ \OT1/cmr/m/n/10 is the con-cen-tra-tion of dust in the sur- 
 []


Overfull \hbox (16.84906pt too wide) in paragraph at lines 48--49
\OT1/cmr/m/n/10 face ocean layer (see Text S1 of the Sup-ple-men-tary In-for-ma-tion for fur-ther de-tails). This 
 []


Overfull \hbox (7.15459pt too wide) in paragraph at lines 48--49
\OT1/cmr/m/n/10 re-la-tion-ship re-flects ob-ser-va-tions that iron sol-u-bil-ity of dust aerosols in weak acid so-lu- 
 []


Overfull \hbox (7.5989pt too wide) in paragraph at lines 50--51
[]\OT1/cmr/m/n/10 Additionally, based on these twelve de-rived iron sol-u-bil-ity re-con-struc-tions we cre- 
 []


Overfull \hbox (0.84894pt too wide) in paragraph at lines 50--51
\OT1/cmr/m/n/10 ated new fields by scal-ing all grid val-ues by the same fac-tor, as well as by scal-ing val- 
 []


Overfull \hbox (8.3768pt too wide) in paragraph at lines 50--51
\OT1/cmr/m/n/10 ues of grid cells lo-cated within one of the five High-Nutrient, Low Chloro-phyll (HNLC) 
 []


Overfull \hbox (23.32126pt too wide) in paragraph at lines 50--51
\OT1/cmr/m/n/10 all cases the scal-ing fac-tors used were 0.33, 0.67, 1.00 (i.e., no scal-ing fac-tor ap-plied), 2.00, 
 []


Overfull \hbox (6.11292pt too wide) in paragraph at lines 50--51
\OT1/cmr/m/n/10 and 3.00. Con-se-quently, the model was forced with a to-tal of 150 Holocene-LGM pairs 
 []


Overfull \hbox (1.97089pt too wide) in paragraph at lines 50--51
\OT1/cmr/m/n/10 of dust ($^^G[]$) fields. As we are in-ter-ested in per-form-ing a sen-si-tiv-ity anal-y-sis of ae- 
 []


Overfull \hbox (6.75186pt too wide) in paragraph at lines 50--51
\OT1/cmr/m/n/10 o-lian iron in-puts to ocean CO$[]$ draw-down, all ad-di-tional sup-plies of Fe as-so-ci-ated with 
 []

<../Paper_Draft/tikz/Figure3_diagram.tex.preview.pdf, id=96, 367.36447pt x 294.26738pt>
File: ../Paper_Draft/tikz/Figure3_diagram.tex.preview.pdf Graphic file (type pdf)
<use ../Paper_Draft/tikz/Figure3_diagram.tex.preview.pdf>
Package pdftex.def Info: ../Paper_Draft/tikz/Figure3_diagram.tex.preview.pdf  used on input line 55.
(pdftex.def)             Requested size: 367.36356pt x 294.26665pt.

Underfull \hbox (badness 10000) in paragraph at lines 56--56
[]\OT1/cmr/bx/n/9 Figure  2. \OT1/cmr/m/n/9 Flow chart de-scrib-ing the ex-per-i-ment de-sign. The gray box shows the gen-eral con-
 []


Underfull \hbox (badness 10000) in paragraph at lines 56--56
\OT1/cmr/m/n/9 fig-u-ra-tion used for spin-up and sen-si-tiv-ity ex-per-i-ment sim-u-la-tions. White boxes la-beled Dust 1-6
 []


Underfull \hbox (badness 10000) in paragraph at lines 56--56
\OT1/cmr/m/n/9 rep-re-sent the six Last Glacial Max-i-mum (LGM) and six Holocene dust de-po-si-tion flux fields used
 []


Underfull \hbox (badness 10000) in paragraph at lines 56--56
\OT1/cmr/m/n/9 as in-put to the sim-u-la-tions, while the as-so-ci-ated in-put fields of dust frac-tional iron (Fe) sol-u-bil-ity
 []


Underfull \hbox (badness 10000) in paragraph at lines 56--56
\OT1/cmr/m/n/9 are rep-re-sented by white boxes la-beled Sol. 1-6. The top blue box rep-re-sents the spin-up sim-u-
 []


Underfull \hbox (badness 10000) in paragraph at lines 56--56
\OT1/cmr/m/n/9 la-tions run for each in-put field of dust flux, us-ing a fixed value for at-mo-spheric car-bon diox-ide
 []


Underfull \hbox (badness 10000) in paragraph at lines 56--56
\OT1/cmr/m/n/9 (CO$[]$) con-cen-tra-tion. The bot-tom blue box rep-re-sents the con-trol sim-u-la-tions run with un-pre-
 []


Underfull \hbox (badness 10000) in paragraph at lines 56--56
\OT1/cmr/m/n/9 scribed CO2 for each in-put dust field (six for LGM and six for the Holocene). The bot-tom yel-low
 []


Underfull \hbox (badness 10000) in paragraph at lines 56--56
\OT1/cmr/m/n/9 box rep-re-sents the main set of sen-si-tiv-ity ex-per-i-ment sim-u-la-tions, in which for all 12 in-put fields
 []


Underfull \hbox (badness 10000) in paragraph at lines 56--56
\OT1/cmr/m/n/9 of dust frac-tional iron sol-u-bil-ity, all grids of a given high-nutrient, low-chlorophyll (HNLC) ocean
 []


LaTeX Warning: `!h' float specifier changed to `!ht'.

)
Overfull \hbox (8.724pt too wide) in paragraph at lines 59--75
[]\OT1/cmr/m/n/10 We spun up cGE-NIE by per-form-ing six dif-fer-ent 10,000-year pre-industrial ex-per- 
 []


Overfull \hbox (14.54352pt too wide) in paragraph at lines 59--75
\OT1/cmr/m/n/10 i-ments in which at-mo-spheric car-bon diox-ide (CO2) con-cen-tra-tion was fixed at 278 ppmv 
 []


Overfull \hbox (4.8598pt too wide) in paragraph at lines 59--75
\OT1/cmr/m/n/10 (Fig-ure 3). Each of these six sim-u-la-tions was forced by a Holocene dust ($^^G[]$) field. 
 []


Overfull \hbox (16.87686pt too wide) in paragraph at lines 59--75
\OT1/cmr/m/n/10 Start-ing from the end of each spin-up, we ran global and re-gional sen-si-tiv-ity ex-per-i-ments 
 []


Overfull \hbox (4.25177pt too wide) in paragraph at lines 59--75
\OT1/cmr/m/n/10 as de-scribed in the pre-vi-ous sec-tion for the Holocene and LGM, al-low-ing the model to 
 []


Overfull \hbox (0.84906pt too wide) in paragraph at lines 59--75
\OT1/cmr/m/n/10 run for an ex-tra 10,000 years. Fi-nally, we took the mean of the last 500 years of CO2 
 []

(./Section/Results.tex
Underfull \vbox (badness 10000) has occurred while \output is active []

 [5]
<../../Data_function/Function/PicturePaper/Figure7.png, id=101, 722.7pt x 419.166pt>
File: ../../Data_function/Function/PicturePaper/Figure7.png Graphic file (type png)
<use ../../Data_function/Function/PicturePaper/Figure7.png>
Package pdftex.def Info: ../../Data_function/Function/PicturePaper/Figure7.png  used on input line 6.
(pdftex.def)             Requested size: 469.74944pt x 272.45467pt.

Overfull \hbox (72.26445pt too wide) in paragraph at lines 6--7
[][] 
 []


Underfull \hbox (badness 10000) in paragraph at lines 7--7
[]\OT1/cmr/bx/n/9 Figure  3. \OT1/cmr/m/n/9 Mean field of (a) Holocene and (c) Last Glacial Max-i-mum (LGM) dust de-po-si-tion
 []


Underfull \hbox (badness 10000) in paragraph at lines 7--7
\OT1/cmr/m/n/9 rate de-rived from the six Holocene-LGM field pairs used in this study, and cal-cu-lated frac-tional
 []


LaTeX Warning: `!h' float specifier changed to `!ht'.


Overfull \hbox (10.65453pt too wide) in paragraph at lines 11--12
[]\OT1/cmr/m/n/10 Figure 4 shows the mean fields of dust de-po-si-tion rate con-sid-ered in this study for 
 []


Overfull \hbox (14.1268pt too wide) in paragraph at lines 11--12
\OT1/cmr/m/n/10 the Holocene (Fig-ure 4a) and LGM (Fig-ure 4c), based on six Holocene-LGM pairs of in- 
 []


Overfull \hbox (0.47086pt too wide) in paragraph at lines 11--12
\OT1/cmr/m/n/10 di-vid-ual fields as de-scribed in sec-tion 2.3, as well as the de-rived mean fields of $^^G[]$ 
 []


Overfull \hbox (6.25179pt too wide) in paragraph at lines 11--12
\OT1/cmr/m/n/10 in dust aerosols for the Holocene (Fig-ure 4b) and LGM (Fig-ure 4d). The lat-ter con-sti- 
 []


Overfull \hbox (19.73784pt too wide) in paragraph at lines 13--14
[]\OT1/cmr/m/n/10 To prop-erly in-ter-pret these re-sults, it is im-por-tant to clearly iden-tify what pro-cesses 
 []


Overfull \hbox (8.0435pt too wide) in paragraph at lines 13--14
\OT1/cmr/m/n/10 of Fe sol-u-bi-liza-tion are be-ing cap-tured by our method-ol-ogy, and which are not. As was 
 []


Overfull \hbox (6.52649pt too wide) in paragraph at lines 13--14
\OT1/cmr/m/n/10 men-tioned pre-vi-ously, the in-verse re-la-tion-ship be-tween $^^G[]$ in dust and at-mo-spheric 
 []


Overfull \hbox (15.6376pt too wide) in paragraph at lines 13--14
\OT1/cmr/m/n/10 dust load used to de-rive our $^^G[]$ fields is based on lab-o-ra-tory Fe leach-ing ex-per-i-ments 
 []


Overfull \hbox (22.9879pt too wide) in paragraph at lines 13--14
\OT1/cmr/m/n/10 of aerosol sam-ples col-lected over the ocean us-ing a weakly acidic so-lu-tion (Baker and Jick- 
 []


Overfull \hbox (10.1546pt too wide) in paragraph at lines 13--14
\OT1/cmr/m/n/10 ells, 2006). Un-der these con-di-tions, Fe ex-tracted into so-lu-tion con-sists of a highly la-bile 
 []


Overfull \hbox (5.26569pt too wide) in paragraph at lines 13--14
\OT1/cmr/m/n/10 Fe frac-tion that may be ex-tracted in pure wa-ter, and a water-insoluble frac-tion that is 
 []


Overfull \hbox (7.7101pt too wide) in paragraph at lines 13--14
\OT1/cmr/m/n/10 sol-u-bi-lized un-der weakly acidic con-di-tions. To-gether, these two frac-tions con-sti-tute the 
 []


Overfull \hbox (9.18231pt too wide) in paragraph at lines 13--14
\OT1/cmr/m/n/10 so-called la-bile Fe (Per-ron et al., 2020). The highly la-bile frac-tion of Fe rep-re-sents non- 
 []


Overfull \hbox (24.12679pt too wide) in paragraph at lines 13--14
\OT1/cmr/m/n/10 structural Fe ad-sorbed onto min-eral sur-faces, the so-called sol-u-ble Fe (Per-ron et al., 2020), 
 []


Overfull \hbox (0.68227pt too wide) in paragraph at lines 13--14
\OT1/cmr/m/n/10 so that leach-ing ex-per-i-ments per-formed with pure wa-ter (or sea-wa-ter) mimic Fe sol-u- 
 []


Overfull \hbox (28.01578pt too wide) in paragraph at lines 13--14
\OT1/cmr/m/n/10 bi-liza-tion dur-ing trans-port in non-acidic air masses (e.g., Chom-choei et al., 2005; Cosentino 
 []


Overfull \hbox (30.26573pt too wide) in paragraph at lines 13--14
\OT1/cmr/m/n/10 et al., 2020; Si-monella et al., 2022). This Fe frac-tion may be con-sid-ered the source-inherited 
 []


Overfull \hbox (3.1268pt too wide) in paragraph at lines 13--14
\OT1/cmr/m/n/10 Fe in dust, read-ily avail-able with-out the need of at-mo-spheric pro-cess-ing (Cosentino et 
 []


Overfull \hbox (11.29347pt too wide) in paragraph at lines 13--14
\OT1/cmr/m/n/10 al., 2020; Si-monella et al., 2020). In turn, the water-insoluble, weak acid-soluble Fe rep- 
 []


Overfull \hbox (4.9879pt too wide) in paragraph at lines 13--14
\OT1/cmr/m/n/10 re-sents struc-tural Fe pre-dom-i-nantly in clay min-er-als (Jour-net et al., 2008; Mar-cotte et 
 []


Overfull \hbox (14.62685pt too wide) in paragraph at lines 13--14
\OT1/cmr/m/n/10 al., 2020; Si-monella et al., 2022), so that Fe leach-ing ex-per-i-ments with weak acids mimic 
 []


Overfull \hbox (10.7657pt too wide) in paragraph at lines 13--14
\OT1/cmr/m/n/10 proton-induced Fe pro-cess-ing dur-ing trans-port in acidic at-mo-spheres (e.g., Cosentino et 
 []


Overfull \hbox (9.87688pt too wide) in paragraph at lines 13--14
\OT1/cmr/m/n/10 al., 2020; Si-monella et al., 2022). Be-cause sol-u-ble Fe is usu-ally a small frac-tion of la-bile 
 []


Overfull \hbox (7.93228pt too wide) in paragraph at lines 13--14
\OT1/cmr/m/n/10 Fe, as low as 1% even in close-to-source dust aerosols (e.g., Si-monella et al., 2022), and 
 []


Overfull \hbox (0.3597pt too wide) in paragraph at lines 13--14
\OT1/cmr/m/n/10 be-cause the re-la-tion-ship we used to de-rive our in-put $^^G[]$ fields rep-re-sents la-bile Fe 
 []


Overfull \hbox (5.90456pt too wide) in paragraph at lines 13--14
\OT1/cmr/m/n/10 (Baker and Jick-ells, 2006), these fields mainly rep-re-sent Fe sol-u-bil-ity en-hance-ment due 
 []


Overfull \hbox (4.09895pt too wide) in paragraph at lines 13--14
\OT1/cmr/m/n/10 to pro-gres-sive fin-ing of dust with greater dis-tance trav-eled and as-so-ci-ated rises in par- 
 []


Overfull \hbox (18.23793pt too wide) in paragraph at lines 13--14
\OT1/cmr/m/n/10 ti-cle re-ac-tiv-ity due to higher surface-to-volume ra-tios (Baker and Jick-ells, 2006; Cwiertny 
 []


Overfull \hbox (5.34898pt too wide) in paragraph at lines 13--14
\OT1/cmr/m/n/10 et al., 2008). In-stead, our in-put fields do not cap-ture dif-fer-ences in source-inherited Fe 
 []


Underfull \vbox (badness 3396) has occurred while \output is active []

 [6 <../Paper_Draft/tikz/Figure3_diagram.tex.preview.pdf>]

LaTeX Warning: No positions in optional float specifier.
               Default added (so using `tbp') on input line 18.


Underfull \hbox (badness 10000) in paragraph at lines 41--41
[]\OT1/cmr/bx/n/9 Table 1. \OT1/cmr/m/n/9 Mean frac-tional iron sol-u-bil-ity (%) in de-posited dust aerosols. NA: North At-lantic,
 []


Underfull \hbox (badness 10000) in paragraph at lines 41--41
\OT1/cmr/m/n/9 NP: North Pa-cific, CEP: Cen-tral East Pa-cific, SP: South Pa-cific, SAI: South At-lantic and South
 []


Overfull \hbox (14.05424pt too wide) in paragraph at lines 44--45
[]\OT1/cmr/m/n/10 Table 1 il-lus-trates the av-er-age global dust $^^G[]$ val-ues for both the Holocene and 
 []


Overfull \hbox (18.07135pt too wide) in paragraph at lines 44--45
\OT1/cmr/m/n/10 the Last Glacial Max-i-mum (LGM), along-side re-gional av-er-ages per-tain-ing to the pri-mary 
 []


Overfull \hbox (21.34906pt too wide) in paragraph at lines 44--45
\OT1/cmr/m/n/10 High Nu-tri-ent Low Chloro-phyll (HNLC) ocean basins, con-sid-er-ing the dif-fer-ent dust fields 
 []


Overfull \hbox (27.70705pt too wide) in paragraph at lines 44--45
\OT1/cmr/m/n/10 em-ployed in this study. Due to height-ened dust loads dur-ing the LGM, dust $^^G[]$ reaches 
 []


Overfull \hbox (6.84912pt too wide) in paragraph at lines 44--45
\OT1/cmr/m/n/10 a global av-er-age of 0.38%, no-tably lower than that of the Holocene (0.65%). While the 
 []


Overfull \hbox (11.79352pt too wide) in paragraph at lines 44--45
\OT1/cmr/m/n/10 iron sol-u-bil-ity (Fe) dur-ing dust trans-port is rec-og-nized to fluc-tu-ate up to 10% with spa- 
 []


Overfull \hbox (0.59903pt too wide) in paragraph at lines 44--45
\OT1/cmr/m/n/10 tial het-ero-gene-ity (Jour-net et al., 2008), sev-eral stud-ies adopt a fixed global mea-sure- 
 []


Overfull \hbox (20.62689pt too wide) in paragraph at lines 44--45
\OT1/cmr/m/n/10 ment of-ten be-low or near 1% (Lam-bert et al., 2021; Odalen et al., 2020; Saini et al., 2022; 
 []


Underfull \vbox (badness 10000) has occurred while \output is active []

 [7 <../../Data_function/Function/PicturePaper/Figure7.png>]
Overfull \hbox (5.80417pt too wide) in paragraph at lines 46--47
[]\OT1/cmr/m/n/10 The $^^G[]$ sim-i-lar-ity be-tween Take-mura, and MIROC-ESM mod-els is un-sur-pris- 
 []


Overfull \hbox (0.54344pt too wide) in paragraph at lines 46--47
\OT1/cmr/m/n/10 ing, con-sid-er-ing that both ex-clude glacio-genic ori-gin dust source be-cause used a sim-i- 
 []


Overfull \hbox (18.26572pt too wide) in paragraph at lines 46--47
\OT1/cmr/m/n/10 lar aerosol mod-ule, while Ohgaito tend to un-der-es-ti-mate the glacio-genic dust source orig- 
 []


Overfull \hbox (10.12605pt too wide) in paragraph at lines 46--47
\OT1/cmr/m/n/10 i-nat-ing from lat-i-tudes south of 30\TS1/cmr/m/n/10 °\OT1/cmr/m/n/10 S, thereby con-tribut-ing to greater het-ero-gene-ity. The 
 []


Overfull \hbox (8.73796pt too wide) in paragraph at lines 46--47
\OT1/cmr/m/n/10 Lam-bert model dis-plays the most pro-nounced de-vi-a-tion from the av-er-age; nev-er-the-less, 
 []


Overfull \hbox (13.34909pt too wide) in paragraph at lines 46--47
\OT1/cmr/m/n/10 it demon-strates the most ac-cu-rate rep-re-sen-ta-tion of dust load for both North and South 
 []


Overfull \hbox (31.40454pt too wide) in paragraph at lines 48--49
[]\OT1/cmr/m/n/10 On a re-gional scale, the East-ern Cen-tral Pa-cific (CEP), along-side the South-ern Oceans 
 []


Overfull \hbox (15.76584pt too wide) in paragraph at lines 48--49
\OT1/cmr/m/n/10 (SO), South Pa-cific (SP), and South In-dian At-lantic (SAI), ex-hibit the most pro-nounced 
 []


Overfull \hbox (15.8214pt too wide) in paragraph at lines 48--49
\OT1/cmr/m/n/10 dis-solved iron in-puts. Me-dian val-ues of 1.01% (CEP), 1.71% (SP), and 0.93% (SAI) dur- 
 []


Overfull \hbox (6.91855pt too wide) in paragraph at lines 48--49
\OT1/cmr/m/n/10 ing the Holocene, and 0.62% (CEP), 1.1% (SP), and 0.43% (SAI) dur-ing the LGM, re- 
 []


Overfull \hbox (26.07124pt too wide) in paragraph at lines 48--49
\OT1/cmr/m/n/10 spec-tively, are ob-served. As all mod-els tend to pro-fi-ciently repli-cate con-di-tions in the CEP, 
 []


Overfull \hbox (7.68228pt too wide) in paragraph at lines 48--49
\OT1/cmr/m/n/10 it emerges as the re-gion with the most adept con-cor-dance be-tween mod-els for both pe- 
 []

<../../Data_function/Function/PicturePaper/Figurex1_Subplot_CO2.png, id=127, 578.16pt x 325.215pt>
File: ../../Data_function/Function/PicturePaper/Figurex1_Subplot_CO2.png Graphic file (type png)
<use ../../Data_function/Function/PicturePaper/Figurex1_Subplot_CO2.png>
Package pdftex.def Info: ../../Data_function/Function/PicturePaper/Figurex1_Subplot_CO2.png  used on input line 53.
(pdftex.def)             Requested size: 404.70924pt x 227.64894pt.

Overfull \hbox (7.22426pt too wide) in paragraph at lines 53--54
[][] 
 []


Underfull \hbox (badness 10000) in paragraph at lines 54--54
[]\OT1/cmr/bx/n/9 Figure  4. \OT1/cmr/m/n/9 Par-tial pres-sure of at-mo-spheric car-bon diox-ide (pCO2) con-cen-tra-tion for each ex-
 []


Underfull \hbox (badness 10000) in paragraph at lines 54--54
\OT1/cmr/m/n/9 per-i-ment where iron sol-u-bil-ity is mul-ti-plied by a fac-tor be-tween 0.3 and 3. Ex-per-i-ments us-ing
 []


Underfull \hbox (badness 10000) in paragraph at lines 54--54
\OT1/cmr/m/n/9 each of the dust de-po-si-tion fields for Holocene (in red) and Last Glacial Max-i-mum (LGM, in
 []


LaTeX Warning: `!h' float specifier changed to `!ht'.


Overfull \hbox (564.50702pt too wide) in paragraph at lines 57--57
[]$[]$[]\OT1/cmr/m/it/8 N[][]\OT1/cmr/m/n/8 :[] []ex[][]pandir[] 
 []


Overfull \hbox (540.53056pt too wide) in paragraph at lines 57--57
[]\OT1/cmr/m/n/8 cap[][]tion[] 
 []


Overfull \hbox (537.10968pt too wide) in paragraph at lines 57--57
[]\OT1/cmr/m/n/8 Fig[][]ure[] 
 []


Overfull \hbox (517.39134pt too wide) in paragraph at lines 57--57
[]\OT1/cmr/m/n/8 4[] 
 []


Overfull \hbox (529.67624pt too wide) in paragraph at lines 57--57
[]\OT1/cmr/m/n/8 para[] 
 []


Overfull \hbox (542.1903pt too wide) in paragraph at lines 57--57
[]\OT1/cmr/m/n/8 ex[][]plicar[] 
 []


Overfull \hbox (523.10532pt too wide) in paragraph at lines 57--57
[]\OT1/cmr/m/n/8 los[] 
 []


Overfull \hbox (549.55708pt too wide) in paragraph at lines 57--57
[]\OT1/cmr/m/n/8 agre[][]ga[][]dos[] 
 []


Overfull \hbox (521.6414pt too wide) in paragraph at lines 57--57
[]\OT1/cmr/m/n/8 de[] 
 []


Overfull \hbox (519.75249pt too wide) in paragraph at lines 57--57
[]\OT1/cmr/m/n/8 la[] 
 []


Overfull \hbox (536.75967pt too wide) in paragraph at lines 57--57
[]\OT1/cmr/m/n/8 figura:[] 
 []


Overfull \hbox (538.4597pt too wide) in paragraph at lines 57--57
[]\OT1/cmr/m/n/8 val[][]ores[] 
 []


Overfull \hbox (534.86382pt too wide) in paragraph at lines 57--57
[]\OT1/cmr/m/n/8 pCO2[] 
 []


Overfull \hbox (521.6414pt too wide) in paragraph at lines 57--57
[]\OT1/cmr/m/n/8 de[] 
 []


Overfull \hbox (547.85706pt too wide) in paragraph at lines 57--57
[]\OT1/cmr/m/n/8 equi[][]lib[][]rio[]  
 []


Overfull \hbox (578.97934pt too wide) in paragraph at lines 59--59
[]$[]$[]\OT1/cmr/m/it/8 Naty[][]\OT1/cmr/m/n/8 :[] []Mod[][]i[][]ficar[] 
 []


Overfull \hbox (534.39853pt too wide) in paragraph at lines 59--59
[]\OT1/cmr/m/n/8 figura[] 
 []


Overfull \hbox (541.00974pt too wide) in paragraph at lines 59--59
[]\OT1/cmr/m/n/8 orig[][]i[][]nal[] 
 []


Overfull \hbox (529.67624pt too wide) in paragraph at lines 59--59
[]\OT1/cmr/m/n/8 para[] 
 []


Overfull \hbox (526.12758pt too wide) in paragraph at lines 59--59
[]\OT1/cmr/m/n/8 que[] 
 []


Overfull \hbox (522.11363pt too wide) in paragraph at lines 59--59
[]\OT1/cmr/m/n/8 no[] 
 []


Overfull \hbox (530.37764pt too wide) in paragraph at lines 59--59
[]\OT1/cmr/m/n/8 haya[] 
 []


Overfull \hbox (564.90453pt too wide) in paragraph at lines 59--59
[]\OT1/cmr/m/n/8 su[][]ple[][]men[][]taria[]  
 []


Overfull \hbox (10.7378pt too wide) in paragraph at lines 59--60
[]\OT1/cmr/m/n/10 As shown in Fig-ure 5, in-creas-ing the sol-u-bil-ity of Fe re-sults in a de-crease in at-mo- 
 []


Overfull \hbox (17.79352pt too wide) in paragraph at lines 59--60
\OT1/cmr/m/n/10 spheric CO2 con-cen-tra-tion. This re-la-tion-ship ex-hibits a marked non-linear be-hav-ior, sug- 
 []


Overfull \hbox (30.66853pt too wide) in paragraph at lines 59--60
\OT1/cmr/m/n/10 gest-ing a thresh-old for ef-fi-cient Fe uti-liza-tion, as also ob-served by Saini et al. (2022). $[]$[]This[] 
 []


LaTeX Warning: Marginpar on page 8 moved.


Underfull \vbox (badness 10000) has occurred while \output is active []

 [8]
Overfull \hbox (1.46011pt too wide) in paragraph at lines 61--62
[]\OT1/cmr/m/n/10 Control sim-u-la-tions in-di-cate that CO2 se-ques-tra-tion dur-ing the Holocene dif-fers 
 []


Overfull \hbox (7.86292pt too wide) in paragraph at lines 61--62
\OT1/cmr/m/n/10 from that of the LGM. The vari-a-tions in CO2 lev-els dur-ing glacial pe-ri-ods are be-tween 
 []


Overfull \hbox (2.6268pt too wide) in paragraph at lines 61--62
\OT1/cmr/m/n/10 7 to 37 ppm lower (Ta-ble 3), de-pend-ing on the type of dust model and the Fe sol-u-bil- 
 []


Overfull \hbox (16.73788pt too wide) in paragraph at lines 61--62
\OT1/cmr/m/n/10 ity as-so-ci-ated with it. When bioavail-able Fe lev-els in-crease, the dif-fer-ence in at-mo-spheric 
 []


Overfull \hbox (17.19617pt too wide) in paragraph at lines 61--62
\OT1/cmr/m/n/10 CO2 be-tween the LGM and Holocene is re-duced (Fig-ure 5). These find-ings sug-gest a po- 
 []


Overfull \hbox (28.73796pt too wide) in paragraph at lines 61--62
\OT1/cmr/m/n/10 ten-tial buffer-ing ef-fect of Fe in the glacial ocean, which may be-come sat-u-rated more quickly 
 []


Overfull \hbox (563.87634pt too wide) in paragraph at lines 63--63
[]$[]$[]\OT1/cmr/m/it/8 Naty[][]\OT1/cmr/m/n/8 :[] []Sacar[] 
 []


Overfull \hbox (519.75249pt too wide) in paragraph at lines 63--63
[]\OT1/cmr/m/n/8 lo[] 
 []


Overfull \hbox (521.6414pt too wide) in paragraph at lines 63--63
[]\OT1/cmr/m/n/8 de[] 
 []


Overfull \hbox (534.39853pt too wide) in paragraph at lines 63--63
[]\OT1/cmr/m/n/8 figura[] 
 []


Overfull \hbox (567.26567pt too wide) in paragraph at lines 63--63
[]\OT1/cmr/m/n/8 su[][]ple[][]men[][]taria,[] 
 []


Overfull \hbox (542.66254pt too wide) in paragraph at lines 63--63
[]\OT1/cmr/m/n/8 cam[][]biar[] 
 []


Overfull \hbox (525.6623pt too wide) in paragraph at lines 63--63
[]\OT1/cmr/m/n/8 por[] 
 []


Overfull \hbox (519.75249pt too wide) in paragraph at lines 63--63
[]\OT1/cmr/m/n/8 la[] 
 []


Overfull \hbox (534.39853pt too wide) in paragraph at lines 63--63
[]\OT1/cmr/m/n/8 figura[] 
 []


Overfull \hbox (517.39134pt too wide) in paragraph at lines 63--63
[]\OT1/cmr/m/n/8 5[]  
 []


Overfull \hbox (19.34903pt too wide) in paragraph at lines 63--64
[]\OT1/cmr/m/n/10 The sig-nif-i-cant im-pact of Fe sol-u-bil-ity on at-mo-spheric CO2 cap-ture is demon-strated 
 []


Overfull \hbox (17.21017pt too wide) in paragraph at lines 63--64
\OT1/cmr/m/n/10 by the rapid re-sponse of ma-rine biomass. Our sim-u-la-tions show that dou-bling the Fe sol- 
 []


Overfull \hbox (19.57132pt too wide) in paragraph at lines 63--64
\OT1/cmr/m/n/10 u-bil-ity of the Holocene trig-gers an av-er-age CO2 re-moval sim-i-lar to that dur-ing the glacial 
 []


Overfull \hbox (10.01572pt too wide) in paragraph at lines 63--64
\OT1/cmr/m/n/10 pe-riod (see pur-ple box in Fig-ure 5), while tripling it re-sults in a CO2 up-take equiv-a-lent 
 []


Overfull \hbox (10.50182pt too wide) in paragraph at lines 63--64
\OT1/cmr/m/n/10 to dou-bling the sol-u-bil-ity dur-ing the LGM. In other words, dou-bling the cur-rent Fe sol- 
 []


Overfull \hbox (14.6546pt too wide) in paragraph at lines 63--64
\OT1/cmr/m/n/10 u-bil-ity can lead to a global car-bon se-ques-tra-tion com-pa-ra-ble to the in-crease in dust dur- 
 []


Overfull \hbox (31.72421pt too wide) in paragraph at lines 63--64
\OT1/cmr/m/n/10 ing the last max-i-mum glacia-tion. Our glob-ally dis-tributed dust fields ex-hibit LGM:Holocene 
 []


Overfull \hbox (7.21016pt too wide) in paragraph at lines 63--64
\OT1/cmr/m/n/10 ra-tios rang-ing from 1.4 to 4.7, which are con-sis-tent with other stud-ies in-di-cat-ing 2.2 to 
 []


Overfull \hbox (2.76573pt too wide) in paragraph at lines 63--64
\OT1/cmr/m/n/10 6.0 times pre-industrial con-cen-tra-tions (Al-bani et al., 2016: Lam-bert et al., 2015; Ma- 
 []


Overfull \hbox (4.11299pt too wide) in paragraph at lines 63--64
\OT1/cmr/m/n/10 howald et al., 2006; Su-darchikova et al., 2015; Take-mura et al., 2009). $[]$[]We[] [][][]also[] [][][]found[] 
 []


Overfull \hbox (7.29346pt too wide) in paragraph at lines 63--64
\OT1/cmr/m/n/10 role in oceanic car-bon fix-a-tion, which has been over-looked due to the scarcity of paleo- 
 []


Underfull \vbox (badness 10000) has occurred while \output is active []

 [9 <../../Data_function/Function/PicturePaper/Figurex1_Subplot_CO2.png>]
<../../Data_function/Function/PicturePaper/Figure4_Final.png, id=136, 722.7pt x 419.166pt>
File: ../../Data_function/Function/PicturePaper/Figure4_Final.png Graphic file (type png)
<use ../../Data_function/Function/PicturePaper/Figure4_Final.png>
Package pdftex.def Info: ../../Data_function/Function/PicturePaper/Figure4_Final.png  used on input line 68.
(pdftex.def)             Requested size: 469.74944pt x 272.45467pt.

Overfull \hbox (72.26445pt too wide) in paragraph at lines 68--69
[][] 
 []


Underfull \hbox (badness 10000) in paragraph at lines 69--69
\OML/cmm/m/it/9 pCO[]$\OT1/cmr/m/n/9 ), for each ex-per-i-ment where iron sol-u-bil-ity is mul-ti-plied by a fac-tor be-tween 0.3
 []


Underfull \hbox (badness 10000) in paragraph at lines 69--69
\OT1/cmr/m/n/9 and 3, com-pared to the same ex-per-i-ment with no fac-tor ap-plied (a and c). Ex-per-i-ments us-ing
 []


Underfull \hbox (badness 10000) in paragraph at lines 69--69
\OT1/cmr/m/n/9 each of the dust de-po-si-tion fields for Holocene (a and b) and Last Glacial Max-i-mum (c and d)
 []


Underfull \hbox (badness 10000) in paragraph at lines 69--69
\OT1/cmr/m/n/9 are shown with dif-fer-ent sym-bols. For each sim-u-la-tion (sin-gle data point), the fac-tor of iron sol-
 []


Underfull \hbox (badness 10000) in paragraph at lines 69--69
\OT1/cmr/m/n/9 u-bil-ity was only ap-plied to all grid cells within a spe-cific high-nutrient, low- chloro-phyll (HNLC)
 []


Underfull \hbox (badness 10000) in paragraph at lines 69--69
\OT1/cmr/m/n/9 ocean basin (North At-lantic (NA), North Pa-cific (NP), Cen-tral East-ern Pa-cific (CEP), South
 []


Underfull \hbox (badness 10000) in paragraph at lines 69--69
\OT1/cmr/m/n/9 Pa-cific (SP) and South Atl^^Santic-Indian ocean (SAI)), while iron sol-u-bil-ity in all other grid cells in
 []


Underfull \hbox (badness 10000) in paragraph at lines 69--69
\OT1/cmr/m/n/9 the model was left un-changed. Re-sults are also shown with re-spect to the me-dian frac-tional iron
 []


Overfull \hbox (11.29346pt too wide) in paragraph at lines 72--73
[]\OT1/cmr/m/n/10 In terms of re-gional pat-terns, our find-ings align with global trends. In-creas-ing sol- 
 []


Overfull \hbox (14.01569pt too wide) in paragraph at lines 72--73
\OT1/cmr/m/n/10 u-bil-ity above con-trol lev-els re-sults in higher CO2 se-ques-tra-tion (Fig-ure 6a, 6c), and con- 
 []


Overfull \hbox (1.91847pt too wide) in paragraph at lines 72--73
\OT1/cmr/m/n/10 versely. Sen-si-tiv-ity ex-per-i-ments to Fe vari-a-tion show that dur-ing the LGM, CO2 con- 
 []


Overfull \hbox (17.73788pt too wide) in paragraph at lines 72--73
\OT1/cmr/m/n/10 cen-tra-tion was re-duced by 8-11% above the cap-ture of con-trol sim-u-la-tions. The most sig- 
 []


Overfull \hbox (5.59906pt too wide) in paragraph at lines 72--73
\OT1/cmr/m/n/10 nif-i-cant vari-a-tions oc-curred in the South Atlantic-Indian (SAI) re-gion, where the max- 
 []


Overfull \hbox (6.40463pt too wide) in paragraph at lines 72--73
\OT1/cmr/m/n/10 i-mum CO2 cap-ture av-er-aged 8.9 ppm. In the Holocene, al-though the re-gional pat-terns 
 []


Overfull \hbox (4.86285pt too wide) in paragraph at lines 72--73
\OT1/cmr/m/n/10 repli-cated those of the LGM, HNLC ar-eas were re-spon-si-ble for a smaller pro-por-tion of 
 []


Overfull \hbox (3.96024pt too wide) in paragraph at lines 72--73
\OT1/cmr/m/n/10 global CO2 se-ques-tra-tion, ac-count-ing for only 44-62% com-pared to 61-82% dur-ing the 
 []


Overfull \hbox (8.61285pt too wide) in paragraph at lines 72--73
\OT1/cmr/m/n/10 LGM. This dif-fer-ence is likely due to lower dust de-po-si-tion and a slight re-duc-tion in Fe 
 []


Overfull \hbox (3.51578pt too wide) in paragraph at lines 72--73
\OT1/cmr/m/n/10 sol-u-bil-ity, par-tic-u-larly in HNLC re-gions rel-a-tive to glacial pe-ri-ods (Fig-ure 4b and 4d). 
 []


Overfull \hbox (0.7935pt too wide) in paragraph at lines 72--73
\OT1/cmr/m/n/10 Dur-ing this time, the SAI re-gion had an av-er-age max-i-mum at-mo-spheric CO2 cap-ture 
 []


Overfull \hbox (12.68234pt too wide) in paragraph at lines 74--75
[]\OT1/cmr/m/n/10 Figure 6 il-lus-trates how the South-ern Oceans (SO), par-tic-u-larly the SAI basin, ex- 
 []


Overfull \hbox (6.61287pt too wide) in paragraph at lines 74--75
\OT1/cmr/m/n/10 erts a ma-jor con-trol over CO2 se-ques-tra-tion, es-pe-cially dur-ing the LGM, de-spite be-ing 
 []


Overfull \hbox (2.7935pt too wide) in paragraph at lines 74--75
\OT1/cmr/m/n/10 highly sen-si-tive to vari-a-tions in Fe sol-u-bil-ity (as shown in Fig-ure 4b and 4d). This in- 
 []


Overfull \hbox (3.474pt too wide) in paragraph at lines 74--75
\OT1/cmr/m/n/10 crease in se-ques-tra-tion dur-ing the LGM could be linked to el-e-vated dust de-po-si-tion in 
 []


Overfull \hbox (14.37683pt too wide) in paragraph at lines 74--75
\OT1/cmr/m/n/10 the re-gion, which was sig-nif-i-cantly higher dur-ing glacial pe-ri-ods, reach-ing up to 20 times 
 []


Overfull \hbox (12.79346pt too wide) in paragraph at lines 74--75
\OT1/cmr/m/n/10 that of the Holocene (as re-ported by Lamy et al., 2014, and Dome Fuji Ice Core Project 
 []


Overfull \hbox (10.11282pt too wide) in paragraph at lines 74--75
\OT1/cmr/m/n/10 mem-bers, 2017). How-ever, some mod-els, such as MIROC-ESM and MRI-CGCM3, tend 
 []


Overfull \hbox (17.90465pt too wide) in paragraph at lines 74--75
\OT1/cmr/m/n/10 to un-der-es-ti-mate the mag-ni-tude of glacio-genic fluxes, pos-si-bly due to a lack of agree-ment 
 []


Overfull \hbox (26.2657pt too wide) in paragraph at lines 74--75
\OT1/cmr/m/n/10 in the way each model has been con-fig-ured to rep-re-sent veg-e-ta-tion dis-tri-bu-tion. The North 
 []


Overfull \hbox (2.43231pt too wide) in paragraph at lines 74--75
\OT1/cmr/m/n/10 Pa-cific (NP) basin is the sec-ond most ac-tive in terms of CO2 cap-ture dur-ing both pe- 
 []


Overfull \hbox (9.46022pt too wide) in paragraph at lines 74--75
\OT1/cmr/m/n/10 ri-ods. These find-ings par-tially align with those of Lam-bert et al. (2021), with the main 
 []


Overfull \hbox (15.68234pt too wide) in paragraph at lines 74--75
\OT1/cmr/m/n/10 dif-fer-ence be-ing ob-served in the Central-Eastern Pa-cific (CEP). Al-though it tends to dif- 
 []


Overfull \hbox (16.65471pt too wide) in paragraph at lines 74--75
\OT1/cmr/m/n/10 fer slightly from con-trol sim-u-la-tions in both pe-ri-ods, with max-i-mum dif-fer-ences of 3 ppm 
 []


Overfull \hbox (2.9324pt too wide) in paragraph at lines 74--75
\OT1/cmr/m/n/10 for max-i-mum sol-u-bil-ity val-ues, the North At-lantic (NA) ap-pears to have the least im- 
 []


Overfull \hbox (8.14067pt too wide) in paragraph at lines 74--75
\OT1/cmr/m/n/10 pact on CO2 re-duc-tion dur-ing the LGM. Re-gard-less of the Fe sol-u-bil-ity value, the sim- 
 []


Overfull \hbox (25.79355pt too wide) in paragraph at lines 74--75
\OT1/cmr/m/n/10 u-la-tions show that the ca-pac-ity to han-dle bioavail-able Fe re-mains al-most un-changed. How- 
 []


Overfull \hbox (3.76569pt too wide) in paragraph at lines 74--75
\OT1/cmr/m/n/10 ever, dur-ing the Holocene, the CEP basin ap-pears to play a more sig-nif-i-cant role than 
 []


Overfull \hbox (9.59901pt too wide) in paragraph at lines 74--75
\OT1/cmr/m/n/10 the South Pa-cific (SP) in terms of CO2 se-ques-tra-tion. This trend is pos-si-bly as-so-ci-ated 
 []


Overfull \hbox (12.84892pt too wide) in paragraph at lines 74--75
\OT1/cmr/m/n/10 with weaker Fe de-po-si-tion in the NA basin rel-a-tive to the CEP, de-spite some mod-els re- 
 []

[10 <../../Data_function/Function/PicturePaper/Figure4_Final.png>]
<../../Data_function/Function/PicturePaper/Figure6_Subplot_CO2Diff_Normalize.png, id=143, 722.7pt x 419.166pt>
File: ../../Data_function/Function/PicturePaper/Figure6_Subplot_CO2Diff_Normalize.png Graphic file (type png)
<use ../../Data_function/Function/PicturePaper/Figure6_Subplot_CO2Diff_Normalize.png>
Package pdftex.def Info: ../../Data_function/Function/PicturePaper/Figure6_Subplot_CO2Diff_Normalize.png  used on input line 79.
(pdftex.def)             Requested size: 469.74944pt x 272.45467pt.

Overfull \hbox (72.26445pt too wide) in paragraph at lines 79--80
[][] 
 []


Underfull \hbox (badness 10000) in paragraph at lines 80--80
[]\OT1/cmr/bx/n/9 Figure  6. \OT1/cmr/m/n/9 Dif-fer-ence in at-mo-spheric car-bon diox-ide par-tial pres-sure (pCO$[]$) as in Fig-ure 6,
 []


Overfull \hbox (3.21013pt too wide) in paragraph at lines 83--84
[]\OT1/cmr/m/n/10 The con-tri-bu-tion of dif-fer-ent ocean basins to the to-tal global CO2 re-duc-tion due 
 []


Overfull \hbox (7.73796pt too wide) in paragraph at lines 83--84
\OT1/cmr/m/n/10 to dust-borne Fe fer-til-iza-tion de-pends on both the to-tal ocean basin area and the mag- 
 []


Overfull \hbox (7.84914pt too wide) in paragraph at lines 83--84
\OT1/cmr/m/n/10 ni-tude of iron de-po-si-tion. When nor-mal-iz-ing the CO2 con-cen-tra-tion by both fac-tors, it 
 []


Overfull \hbox (1.73784pt too wide) in paragraph at lines 83--84
\OT1/cmr/m/n/10 re-veals that the SP and CEP basins are the most ef-fi-cient in us-ing avail-able ocean re- 
 []


Overfull \hbox (14.01569pt too wide) in paragraph at lines 83--84
\OT1/cmr/m/n/10 sources to re-duce at-mo-spheric CO2 con-cen-tra-tion for both pe-ri-ods (Fig-ure 7). The CEP 
 []


Overfull \hbox (4.68236pt too wide) in paragraph at lines 83--84
\OT1/cmr/m/n/10 is an up-welling zone, there-fore, a con-tin-u-ous nu-tri-ent sup-ply makes this re-gion of vi-tal 
 []


Overfull \hbox (2.79349pt too wide) in paragraph at lines 83--84
\OT1/cmr/m/n/10 im-por-tance for the bi-o-log-i-cal pump. How-ever, when con-trast-ing the Holocene and the 
 []


Overfull \hbox (16.61287pt too wide) in paragraph at lines 83--84
\OT1/cmr/m/n/10 LGM, we can see how the sol-u-bil-ity of de-posited Fe usu-ally varies be-tween 0.5 and 2.0%, 
 []


Overfull \hbox (19.39064pt too wide) in paragraph at lines 83--84
\OT1/cmr/m/n/10 with lower val-ues dur-ing the LGM (Fig-ure 4b and 4d). These val-ues are much lower than 
 []


Underfull \vbox (badness 4556) has occurred while \output is active []

 [11 <../../Data_function/Function/PicturePaper/Figure6_Subplot_CO2Diff_Normalize.png>]
Overfull \hbox (547.27066pt too wide) in paragraph at lines 85--85
[]$[]$[]\OT1/cmr/m/it/8 N[][]\OT1/cmr/m/n/8 :[] []creo[] 
 []


Overfull \hbox (526.12758pt too wide) in paragraph at lines 85--85
[]\OT1/cmr/m/n/8 que[] 
 []


Overfull \hbox (525.41924pt too wide) in paragraph at lines 85--85
[]\OT1/cmr/m/n/8 ac^^Sa[] 
 []


Overfull \hbox (549.50986pt too wide) in paragraph at lines 85--85
[]\OT1/cmr/m/n/8 "grad[][]ual"[] 
 []


Overfull \hbox (527.8276pt too wide) in paragraph at lines 85--85
[]\OT1/cmr/m/n/8 est^^Sa[] 
 []


Overfull \hbox (526.83592pt too wide) in paragraph at lines 85--85
[]\OT1/cmr/m/n/8 mal[] 
 []


Overfull \hbox (541.52225pt too wide) in paragraph at lines 85--85
[]\OT1/cmr/m/n/8 us[][]ado...[] 
 []


Overfull \hbox (560.93086pt too wide) in paragraph at lines 85--85
[]\OT1/cmr/m/n/8 dis[][]cut^^Samoslo[] 
 []


Overfull \hbox (519.28026pt too wide) in paragraph at lines 85--85
[]\OT1/cmr/m/n/8 el[] 
 []


Overfull \hbox (532.07767pt too wide) in paragraph at lines 85--85
[]\OT1/cmr/m/n/8 lunes[]  
 []


Overfull \hbox (19.68227pt too wide) in paragraph at lines 85--86
[]\OT1/cmr/m/n/10 There are re-mark-able hemi-spheric dif-fer-ences be-tween basins (Fig-ure 7b, 7d). While 
 []


Overfull \hbox (6.47403pt too wide) in paragraph at lines 85--86
\OT1/cmr/m/n/10 SO seems to dis-play a $[]$[]grad[]-[]ual use of bioavail-able Fe for CO2 cap-ture, the rest of the 
 []


Overfull \hbox (5.93227pt too wide) in paragraph at lines 85--86
\OT1/cmr/m/n/10 HNLC zones show a ten-dency to be more ef-fi-cient in uti-liz-ing de-posited Fe. There-fore, 
 []


Overfull \hbox (5.32117pt too wide) in paragraph at lines 85--86
\OT1/cmr/m/n/10 with small amounts, they can achieve the same per-for-mance as large basins, as we can 
 []


Overfull \hbox (4.3212pt too wide) in paragraph at lines 85--86
\OT1/cmr/m/n/10 see by com-par-ing the be-hav-ior of NP and SAI or CEP and SP. While these trends are 
 []


Overfull \hbox (30.43245pt too wide) in paragraph at lines 85--86
\OT1/cmr/m/n/10 ev-i-dent in both pe-ri-ods, the hemi-spheric dif-fer-en-ti-a-tion is more no-table dur-ing the Holocene 
 []


Overfull \hbox (7.58517pt too wide) in paragraph at lines 85--86
\OT1/cmr/m/n/10 than dur-ing the LGM. The above more promi-nently demon-strates the sat-u-ra-tion ef-fect 
 []

)
Overfull \hbox (18.01181pt too wide) in paragraph at lines 83--85
[]$\OT1/cmtt/m/n/10 https :// www [] .agu [] .org / Publish [] -with [] -AGU / Publish / Author [] -Resources / Data [] -and [] 
 []

(./journaltemplate.bbl
Underfull \hbox (badness 10000) in paragraph at lines 14--33
[]\OT1/cmr/m/n/10 Albani, S., Ma-howald, N., Perry, A., Scanza, R., Zen-der, C., Heav-ens, N., ... Otto- 
 []


Underfull \hbox (badness 2617) in paragraph at lines 14--33
\OT1/cmr/m/n/10 Bliesner, B.  (2014).  Im-proved dust rep-re-sen-ta-tion in the com-mu-nity at-mo- 
 []


Underfull \hbox (badness 10000) in paragraph at lines 74--89
[]\OT1/cmr/m/n/10 Archer, D., Winguth, A., Lea, D., & Ma-howald, N.  (2000).  What caused the 
 []


Underfull \hbox (badness 10000) in paragraph at lines 74--89
\OT1/cmr/m/n/10 glacial/interglacial at-mo-spheric pco2 cy-cles?  \OT1/cmr/m/it/10 Re-views of Geo-physics\OT1/cmr/m/n/10 , \OT1/cmr/m/it/10 38\OT1/cmr/m/n/10 (2), 
 []


Underfull \hbox (badness 1264) in paragraph at lines 103--116
[]\OT1/cmr/m/n/10 Baker, A. R., & Croot, P. L.  (2010).  At-mo-spheric and ma-rine con-trols on aerosol 
 []


Underfull \hbox (badness 5954) in paragraph at lines 131--146
[]\OT1/cmr/m/n/10 Bopp, L., Ko-hfeld, K. E., Le Qu^^Ser^^Se, C., & Au-mont, O.  (2003).  Dust im-pact on 
 []


Underfull \hbox (badness 10000) in paragraph at lines 131--146
\OT1/cmr/m/n/10 ma-rine biota and at-mo-spheric co2 dur-ing glacial pe-ri-ods.  \OT1/cmr/m/it/10 Pa-le-o-ceanog-ra-phy\OT1/cmr/m/n/10 , 
 []


Underfull \hbox (badness 10000) in paragraph at lines 158--176
[]\OT1/cmr/m/n/10 Boyd, P. W., Jick-ells, T., Law, C., Blain, S., Boyle, E., Bues-seler, K., ... oth-ers 
 []


Underfull \hbox (badness 10000) in paragraph at lines 188--206
[]\OT1/cmr/m/n/10 Boyd, P. W., Law, C. S., Wong, C., No-jiri, Y., Tsuda, A., Lev-asseur, M., ... oth- 
 []


Underfull \hbox (badness 10000) in paragraph at lines 218--236
[]\OT1/cmr/m/n/10 Boyd, P. W., Wat-son, A. J., Law, C. S., Abra-ham, E. R., Trull, T., Mur-doch, R., ... 
 []


Underfull \hbox (badness 3942) in paragraph at lines 276--291
[]\OT1/cmr/m/n/10 Byrne, R., Luo, Y.-R., & Young, R.  (2000).  Iron hy-drol-y-sis and sol-u-bil-ity re-vis- 
 []


Underfull \hbox (badness 10000) in paragraph at lines 303--321
[]\OT1/cmr/m/n/10 Cao, L., Eby, M., Ridg-well, A., Caldeira, K., Archer, D., Ishida, A., ... oth-ers 
 []


Underfull \hbox (badness 10000) in paragraph at lines 303--321
\OT1/cmr/m/n/10 (2009).  The role of ocean trans-port in the up-take of an-thro-pogenic co 2. 
 []


Underfull \hbox (badness 10000) in paragraph at lines 333--352
[]\OT1/cmr/m/n/10 Coale, K. H., John-son, K. S., Fitzwa-ter, S. E., Gor-don, R. M., Tan-ner, S., Chavez, 
 []


Underfull \hbox (badness 10000) in paragraph at lines 333--352
\OT1/cmr/m/n/10 F. P., ... oth-ers  (1996).  A mas-sive phy-to-plank-ton bloom in-duced by an 
 []


Underfull \hbox (badness 10000) in paragraph at lines 333--352
\OT1/cmr/m/n/10 ecosystem-scale iron fer-til-iza-tion ex-per-i-ment in the equa-to-rial pa-cific ocean. 
 []


Underfull \hbox (badness 10000) in paragraph at lines 364--383
[]\OT1/cmr/m/n/10 Cwiertny, D. M., Bal-tru-saitis, J., Hunter, G. J., Laskin, A., Scherer, M. M., & Gras- 
 []


Underfull \hbox (badness 7888) in paragraph at lines 364--383
\OT1/cmr/m/n/10 sian, V. H.  (2008).  Char-ac-ter-i-za-tion and acid-mobilization study of iron- 
 []


Underfull \hbox (badness 10000) in paragraph at lines 364--383
\OT1/cmr/m/n/10 containing min-eral dust source ma-te-ri-als.  \OT1/cmr/m/it/10 Jour-nal of Geo-phys-i-cal Re-search: 
 []


Underfull \hbox (badness 1348) in paragraph at lines 397--412
[]\OT1/cmr/m/n/10 Ducklow, H. W., Oliver, J. L., & Smith, W.  (2003).  The role of iron as a lim-it-ing 
 []


Underfull \hbox (badness 1092) in paragraph at lines 397--412
\OT1/cmr/m/n/10 nu-tri-ent for ma-rine plank-ton pro-cesses.  \OT1/cmr/m/it/10 SCOPE-SCIENTIFIC COM-MIT-TEE 
 []


Underfull \hbox (badness 10000) in paragraph at lines 397--412
\OT1/cmr/m/it/10 ON PROB-LEMS OF THE EN-VI-RON-MENT IN-TER-NA-TIONAL COUN-CIL 
 []

[12]
Underfull \hbox (badness 1540) in paragraph at lines 426--440
[]\OT1/cmr/m/n/10 Falkowski, P. G., Bar-ber, R. T., & Smetacek, V.  (1998).  Bio-geo-chem-i-cal con-trols 
 []


Underfull \hbox (badness 10000) in paragraph at lines 452--475
[]\OT1/cmr/m/n/10 Flato, G., Marotzke, J., Abio-dun, B., Bra-con-not, P., Chou, S. C., Collins, W., ... 
 []


Underfull \hbox (badness 1337) in paragraph at lines 452--475
\OT1/cmr/m/n/10 oth-ers  (2014).  Eval-u-a-tion of cli-mate mod-els.  In \OT1/cmr/m/it/10 Cli-mate change 2013: the 
 []


Underfull \hbox (badness 10000) in paragraph at lines 452--475
\OT1/cmr/m/it/10 phys-i-cal sci-ence ba-sis. con-tri-bu-tion of work-ing group i to the fifth as-sess-ment 
 []


Underfull \hbox (badness 1852) in paragraph at lines 452--475
\OT1/cmr/m/it/10 re-port of the in-ter-gov-ern-men-tal panel on cli-mate change \OT1/cmr/m/n/10 (pp.[] 741--866).  Cam- 
 []


Underfull \hbox (badness 10000) in paragraph at lines 491--508
[]\OT1/cmr/m/n/10 Fu, H., Cwiertny, D. M., Carmichael, G. R., Scherer, M. M., & Gras-sian, V. H. 
 []


Underfull \hbox (badness 10000) in paragraph at lines 491--508
\OT1/cmr/m/n/10 (2010).  Pho-tore-duc-tive dis-so-lu-tion of fe-containing min-eral dust par-ti-cles in 
 []


Underfull \hbox (badness 3758) in paragraph at lines 522--539
[]\OT1/cmr/m/n/10 Gao, Y., Fan, S.-M., & Sarmiento, J. L.  (2003).  Ae-o-lian iron in-put to the ocean 
 []


Underfull \hbox (badness 10000) in paragraph at lines 522--539
\OT1/cmr/m/n/10 through pre-cip-i-ta-tion scav-eng-ing: A mod-el-ing per-spec-tive and its im-pli-ca-tion 
 []


Underfull \hbox (badness 10000) in paragraph at lines 522--539
\OT1/cmr/m/n/10 for nat-u-ral iron fer-til-iza-tion in the ocean.  \OT1/cmr/m/it/10 Jour-nal of Geo-phys-i-cal Re-search: 
 []


Underfull \hbox (badness 1377) in paragraph at lines 551--564
\OT1/cmr/m/n/10 sea.  \OT1/cmr/m/it/10 Con-seil Perm. In-ter-nat. pour I'Explor. de la Mer. Rapp. et Proces-Verb.\OT1/cmr/m/n/10 , 
 []


Underfull \hbox (badness 10000) in paragraph at lines 580--597
\OT1/cmr/m/n/10 u-ble iron from ob-ser-va-tions and a global min-eral aerosol model.  In \OT1/cmr/m/it/10 Agu fall 
 []


Underfull \hbox (badness 10000) in paragraph at lines 609--627
[]\OT1/cmr/m/n/10 Jaccard, S. L., Hayes, C. T., Martinez-Garcia, A., Hodell, D. A., An-der-son, R. F., 
 []


Underfull \hbox (badness 10000) in paragraph at lines 639--657
[]\OT1/cmr/m/n/10 Jickells, T., An, Z., An-der-sen, K. K., Baker, A., Berga-metti, G., Brooks, N., ... 
 []


Underfull \hbox (badness 10000) in paragraph at lines 785--803
[]\OT1/cmr/m/n/10 Kustka, A., Sa~nudo-Wilhelmy, S., Car-pen-ter, E. J., Capone, D. G., & Raven, 
 []


Underfull \hbox (badness 7944) in paragraph at lines 785--803
\OT1/cmr/m/n/10 J. A.  (2003).  A re-vised es-ti-mate of the iron use ef-fi-ciency of ni-tro-gen fix- 
 []


Underfull \hbox (badness 10000) in paragraph at lines 785--803
\OT1/cmr/m/n/10 a-tion, with spe-cial ref-er-ence to the ma-rine cyanobac-terium tri-chodesmium 
 []


Underfull \hbox (badness 10000) in paragraph at lines 815--833
[]\OT1/cmr/m/n/10 Lambert, F., Del-monte, B., Pe-tit, J.-R., Bigler, M., Kauf-mann, P. R., Hut-terli, 
 []


Underfull \hbox (badness 3189) in paragraph at lines 815--833
\OT1/cmr/m/n/10 M. A., ... Maggi, V.  (2008).  Dust-climate cou-plings over the past 800,000 
 []


Underfull \hbox (badness 10000) in paragraph at lines 845--864
[]\OT1/cmr/m/n/10 Lambert, F., Opazo, N., Ridg-well, A., Winck-ler, G., Lamy, F., Shaf-fer, G., ... Abe- 
 []


Underfull \hbox (badness 4832) in paragraph at lines 845--864
\OT1/cmr/m/n/10 Ouchi, A.  (2021).  Re-gional pat-terns and tem-po-ral evo-lu-tion of ocean iron 
 []


Underfull \hbox (badness 1721) in paragraph at lines 845--864
\OT1/cmr/m/n/10 fer-til-iza-tion and co2 draw-down dur-ing the last glacial ter-mi-na-tion.  \OT1/cmr/m/it/10 Earth and 
 []


Underfull \hbox (badness 10000) in paragraph at lines 876--894
[]\OT1/cmr/m/n/10 Lambert, F., Tagli-abue, A., Shaf-fer, G., Lamy, F., Winck-ler, G., Farias, L., ... 
 []


Underfull \hbox (badness 10000) in paragraph at lines 906--925
[]\OT1/cmr/m/n/10 Luo, C., Ma-howald, N., Meskhidze, N., Chen, Y., Siefert, R., Baker, A., & Jo-hansen, 
 []


Underfull \hbox (badness 3815) in paragraph at lines 906--925
\OT1/cmr/m/n/10 A. M.  (2005).  Es-ti-ma-tion of iron sol-u-bil-ity from ob-ser-va-tions and a global 
 []


Underfull \hbox (badness 10000) in paragraph at lines 937--955
[]\OT1/cmr/m/n/10 L^^?uthi, D., Le Floch, M., Bere-iter, B., Blu-nier, T., Barnola, J.-M., Siegen-thaler, 
 []


Underfull \hbox (badness 3482) in paragraph at lines 937--955
\OT1/cmr/m/n/10 U., ... oth-ers  (2008).  High-resolution car-bon diox-ide con-cen-tra-tion record 
 []


Underfull \hbox (badness 10000) in paragraph at lines 967--984
[]\OT1/cmr/m/n/10 Mahowald, N. M., Baker, A. R., Berga-metti, G., Brooks, N., Duce, R. A., Jick-ells, 
 []


Underfull \hbox (badness 1308) in paragraph at lines 999--1014
\OT1/cmr/m/n/10 and iron sol-u-bil-ity: Ef-fects of com-po-si-tion, par-ti-cle size, and sur-face area.  \OT1/cmr/m/it/10 At- 
 []


Underfull \hbox (badness 10000) in paragraph at lines 1049--1067
[]\OT1/cmr/m/n/10 Mart^^S^^Pnez-Garc^^S^^Pa, A., Sig-man, D. M., Ren, H., An-der-son, R. F., Straub, M., Hodell, 
 []


Underfull \hbox (badness 4467) in paragraph at lines 1049--1067
\OT1/cmr/m/n/10 D. A., ... Haug, G. H.  (2014).  Iron fer-til-iza-tion of the sub-antarc-tic ocean 
 []


Underfull \hbox (badness 10000) in paragraph at lines 1105--1124
[]\OT1/cmr/m/n/10 Nakabayashi, S., Kuma, K., Sasaoka, K., Saitoh, S., Mochizuki, M., Shiga, N., & 
 []


Underfull \hbox (badness 3302) in paragraph at lines 1105--1124
\OT1/cmr/m/n/10 in the north-west-ern north pa-cific ocean.  \OT1/cmr/m/it/10 Lim-nol-ogy and oceanog-ra-phy\OT1/cmr/m/n/10 , \OT1/cmr/m/it/10 47\OT1/cmr/m/n/10 (3), 
 []

[13]
Underfull \hbox (badness 10000) in paragraph at lines 1136--1155
[]\OT1/cmr/m/n/10 Ohgaito, R., Abe-Ouchi, A., O'ishi, R., Take-mura, T., Ito, A., Ha-jima, T., ... 
 []


Underfull \hbox (badness 4316) in paragraph at lines 1136--1155
\OT1/cmr/m/n/10 Kawamiya, M.  (2018).  Ef-fect of high dust amount on sur-face tem-per-a-ture 
 []


Underfull \hbox (badness 10000) in paragraph at lines 1224--1241
[]\OT1/cmr/m/n/10 Petit, J.-R., Mourner, L., Jouzel, J., Ko-rotke-vich, Y. S., Kotlyakov, V., & Lo-rius, C. 
 []


Underfull \hbox (badness 1107) in paragraph at lines 1224--1241
\OT1/cmr/m/n/10 (1990).  Palaeo-cli-ma-to-log-i-cal and chrono-log-i-cal im-pli-ca-tions of the vos-tok core 
 []


Underfull \hbox (badness 10000) in paragraph at lines 1257--1276
\OT1/cmr/m/n/10 ron-men-tal char-ac-ter-i-za-tion of global sources of at-mo-spheric soil dust iden-ti-fied 
 []


Underfull \hbox (badness 10000) in paragraph at lines 1257--1276
\OT1/cmr/m/n/10 with the nim-bus 7 to-tal ozone map-ping spec-trom-e-ter (toms) ab-sorb-ing aerosol 
 []


Underfull \hbox (badness 10000) in paragraph at lines 1315--1334
[]\OT1/cmr/m/n/10 Ridgwell, A., Har-g-reaves, J., Ed-wards, N. R., An-nan, J., Lenton, T. M., Marsh, R., 
 []


Underfull \hbox (badness 1521) in paragraph at lines 1315--1334
\OT1/cmr/m/n/10 ... Wat-son, A.  (2007).  Ma-rine geo-chem-i-cal data as-sim-i-la-tion in an ef-fi-cient 
 []


Underfull \hbox (badness 10000) in paragraph at lines 1315--1334
\OT1/cmr/m/n/10 earth sys-tem model of global bio-geo-chem-i-cal cy-cling.  \OT1/cmr/m/it/10 Bio-geo-sciences\OT1/cmr/m/n/10 , \OT1/cmr/m/it/10 4\OT1/cmr/m/n/10 (1), 
 []


Underfull \hbox (badness 10000) in paragraph at lines 1350--1366
[]\OT1/cmr/m/n/10 Sholkovitz, E. R., Sed-wick, P. N., Church, T. M., Baker, A. R., & Pow-ell, C. F. 
 []


Underfull \hbox (badness 10000) in paragraph at lines 1350--1366
\OT1/cmr/m/n/10 (2012).  Frac-tional sol-u-bil-ity of aerosol iron: Syn-the-sis of a global-scale data 
 []


Underfull \hbox (badness 10000) in paragraph at lines 1378--1396
[]\OT1/cmr/m/n/10 Siegenthaler, U., Stocker, T. F., Mon-nin, E., Luthi, D., Schwan-der, J., Stauf-fer, B., 
 []


Underfull \hbox (badness 4072) in paragraph at lines 1378--1396
\OT1/cmr/m/n/10 ... oth-ers  (2005).  Sta-ble car-bon cy-cle cli-mate re-la-tion-ship dur-ing the late 
 []


Underfull \hbox (badness 1609) in paragraph at lines 1408--1423
[]\OT1/cmr/m/n/10 Steffensen, J. P.  (1997).  The size dis-tri-bu-tion of mi-cropar-ti-cles from se-lected seg- 
 []


Underfull \hbox (badness 10000) in paragraph at lines 1408--1423
\OT1/cmr/m/n/10 ments of the green-land ice core project ice core rep-re-sent-ing dif-fer-ent cli-matic 
 []


Underfull \hbox (badness 10000) in paragraph at lines 1435--1453
[]\OT1/cmr/m/n/10 Sueyoshi, T., Ohgaito, R., Ya-mamoto, A., Chikamoto, M., Ha-jima, T., Oka-jima, H., 
 []


Underfull \hbox (badness 1527) in paragraph at lines 1435--1453
\OT1/cmr/m/n/10 ... oth-ers  (2013).  Set-up of the pmip3 pa-le-o-cli-mate ex-per-i-ments con-ducted 
 []


Underfull \hbox (badness 10000) in paragraph at lines 1435--1453
\OT1/cmr/m/n/10 us-ing an earth sys-tem model, miroc-esm.  \OT1/cmr/m/it/10 Geo-sci-en-tific Model De-vel-op-ment\OT1/cmr/m/n/10 , 
 []


Underfull \hbox (badness 10000) in paragraph at lines 1465--1483
[]\OT1/cmr/m/n/10 Tagliabue, A., Au-mont, O., DeAth, R., Dunne, J. P., Dutkiewicz, S., Gal-braith, E., 
 []


Underfull \hbox (badness 10000) in paragraph at lines 1495--1511
[]\OT1/cmr/m/n/10 Tagliabue, A., Bowie, A. R., Boyd, P. W., Buck, K. N., John-son, K. S., & Saito, 
 []


Underfull \hbox (badness 1715) in paragraph at lines 1495--1511
\OT1/cmr/m/n/10 M. A.  (2017).  The in-te-gral role of iron in ocean bio-geo-chem-istry.  \OT1/cmr/m/it/10 Na-ture\OT1/cmr/m/n/10 , 
 []


Underfull \hbox (badness 10000) in paragraph at lines 1523--1541
[]\OT1/cmr/m/n/10 Takemura, T., Egashira, M., Mat-suzawa, K., Ichijo, H., O'ishi, R., & Abe-Ouchi, 
 []


Underfull \hbox (badness 5064) in paragraph at lines 1523--1541
\OT1/cmr/m/n/10 A.  (2009).  A sim-u-la-tion of the global dis-tri-bu-tion and ra-dia-tive forc-ing of 
 []


Underfull \hbox (badness 10000) in paragraph at lines 1523--1541
\OT1/cmr/m/n/10 soil dust aerosols at the last glacial max-i-mum.  \OT1/cmr/m/it/10 At-mo-spheric Chem-istry and 
 []


Underfull \hbox (badness 10000) in paragraph at lines 1553--1574
[]\OT1/cmr/m/n/10 Tani, H., Nish-ioka, J., Kuma, K., Takata, H., Ya-mashita, Y., Tanoue, E., & Mi- 
 []


Underfull \hbox (badness 10000) in paragraph at lines 1553--1574
\OT1/cmr/m/n/10 or-ganic mat-ter in the deep wa-ter col-umn of the okhotsk sea and the north-west- 
 []


Underfull \hbox (badness 10000) in paragraph at lines 1553--1574
\OT1/cmr/m/n/10 ern north pa-cific ocean.  \OT1/cmr/m/it/10 Deep Sea Re-search Part I: Oceano-graphic Re-search 
 []


Underfull \hbox (badness 2142) in paragraph at lines 1588--1602
[]\OT1/cmr/m/n/10 Wells, M. L., Price, N. M., & Bru-land, K. W.  (1995).  Iron chem-istry in sea-wa-ter 
 []


Underfull \hbox (badness 10000) in paragraph at lines 1614--1634
[]\OT1/cmr/m/n/10 Yukimoto, S., Adachi, Y., Hosaka, M., Sakami, T., Yoshimura, H., Hirabara, M., 
 []

) [14] (./journaltemplate.aux)

LaTeX Font Warning: Size substitutions with differences
(Font)              up to 0.45pt have occurred.

 ) 
Here is how much of TeX's memory you used:
 4162 strings out of 478287
 69991 string characters out of 5849289
 397508 words of memory out of 5000000
 22274 multiletter control sequences out of 15000+600000
 476149 words of font info for 51 fonts, out of 8000000 for 9000
 1147 hyphenation exceptions out of 8191
 70i,10n,76p,2429b,349s stack positions out of 5000i,500n,10000p,200000b,80000s
{/usr/share/texmf/fonts/enc/dvips/cm-super/cm-super-ts1.enc}</usr/share/texlive/texmf-dist/fonts/type1/public/amsfonts/cm/cmbx10.pfb></usr/share/texlive/texmf-dist/fonts/type1/public/amsfonts/cm/cmbx12.pfb></usr/share/texlive/texmf-dist/fonts/type1/public/amsfonts/cm/cmbx7.pfb></usr/share/texlive/texmf-dist/fonts/type1/public/amsfonts/cm/cmbx9.pfb></usr/share/texlive/texmf-dist/fonts/type1/public/amsfonts/cm/cmex10.pfb></usr/share/texlive/texmf-dist/fonts/type1/public/amsfonts/cm/cmmi10.pfb></usr/share/texlive/texmf-dist/fonts/type1/public/amsfonts/cm/cmmi6.pfb></usr/share/texlive/texmf-dist/fonts/type1/public/amsfonts/cm/cmmi7.pfb></usr/share/texlive/texmf-dist/fonts/type1/public/amsfonts/cm/cmmi9.pfb></usr/share/texlive/texmf-dist/fonts/type1/public/amsfonts/cm/cmr10.pfb></usr/share/texlive/texmf-dist/fonts/type1/public/amsfonts/cm/cmr12.pfb></usr/share/texlive/texmf-dist/fonts/type1/public/amsfonts/cm/cmr6.pfb></usr/share/texlive/texmf-dist/fonts/type1/public/amsfonts/cm/cmr7.pfb></usr/share/texlive/texmf-dist/fonts/type1/public/amsfonts/cm/cmr8.pfb></usr/share/texlive/texmf-dist/fonts/type1/public/amsfonts/cm/cmr9.pfb></usr/share/texlive/texmf-dist/fonts/type1/public/amsfonts/cm/cmss8.pfb></usr/share/texlive/texmf-dist/fonts/type1/public/amsfonts/cm/cmsy10.pfb></usr/share/texlive/texmf-dist/fonts/type1/public/amsfonts/cm/cmsy5.pfb></usr/share/texlive/texmf-dist/fonts/type1/public/amsfonts/cm/cmsy7.pfb></usr/share/texlive/texmf-dist/fonts/type1/public/amsfonts/cm/cmsy9.pfb></usr/share/texlive/texmf-dist/fonts/type1/public/amsfonts/cm/cmti10.pfb></usr/share/texlive/texmf-dist/fonts/type1/public/amsfonts/cm/cmti8.pfb></usr/share/texlive/texmf-dist/fonts/type1/public/amsfonts/cm/cmti9.pfb></usr/share/texlive/texmf-dist/fonts/type1/public/amsfonts/cm/cmtt10.pfb></usr/share/texlive/texmf-dist/fonts/type1/public/amsfonts/cm/cmtt9.pfb></usr/share/texmf/fonts/type1/public/cm-super/sfrm1000.pfb>
Output written on journaltemplate.pdf (14 pages, 1034896 bytes).
PDF statistics:
 257 PDF objects out of 1000 (max. 8388607)
 159 compressed objects within 2 object streams
 0 named destinations out of 1000 (max. 500000)
 31 words of extra memory for PDF output out of 10000 (max. 10000000)

